1.7650 	WARNING 	We strongly recommend you activate the PTB sound engine in PsychoPy prefs as the preferred audio engine. Its timing is vastly superior. Your prefs are currently set to use ['sounddevice', 'PTB', 'pyo', 'pygame'] (in that order).
11.1796 	WARNING 	Couldn't measure a consistent frame rate!
  - Is your graphics card set to sync to vertical blank?
  - Are you running other processes on your computer?

11.1801 	EXP 	Created window1 = Window(allowGUI=False, allowStencil=False, autoLog=True, backendConf=UNKNOWN, bitsMode=UNKNOWN, blendMode='avg', bpc=(8, 8, 8), color=array([-1, -1, -1]), colorSpace='rgb', depthBits=8, fullscr=<method-wrapper '__getattribute__' of attributeSetter object at 0x7fbac46ce970>, gamma=None, gammaErrorPolicy='raise', lms=UNKNOWN, monitor=<psychopy.monitors.calibTools.Monitor object at 0x7fbac447ffa0>, multiSample=False, name='window1', numSamples=2, pos=[420.0, 262.5], screen=0, size=array([3360, 2100]), stencilBits=0, stereo=False, units='height', useFBO=True, useRetina=True, viewOri=0.0, viewPos=None, viewScale=None, waitBlanking=True, winType='pyglet')
11.1804 	EXP 	window1: mouseVisible = True
11.1804 	EXP 	window1: Attempting to measure frame rate of screen (0) ...
11.1805 	EXP 	window1: recordFrameIntervals = False
11.2628 	EXP 	window1: recordFrameIntervals = True
12.0957 	WARNING 	Couldn't measure a consistent frame rate!
  - Is your graphics card set to sync to vertical blank?
  - Are you running other processes on your computer?

14.4886 	EXP 	Created welcome_txt = TextStim(__class__=<class 'psychopy.visual.text.TextStim'>, alignHoriz=method-wrapper(...), alignText='center', alignVert=method-wrapper(...), anchorHoriz='center', anchorVert='center', antialias=True, autoDraw=False, autoLog=True, bold=False, color=array([1., 1., 1.]), colorSpace='rgb', contrast=1.0, depth=-1.0, flipHoriz=False, flipVert=False, font='Open Sans', fontFiles=[], height=0.05, italic=False, languageStyle='LTR', name='welcome_txt', opacity=1.0, ori=0.0, pos=array([0., 0.]), rgb=UNKNOWN, text='Premere il pulsante blu per iniziare', units='height', win=Window(...), wrapWidth=1)
14.5257 	EXP 	Created welcome_img = ImageStim(__class__=<class 'psychopy.visual.image.ImageStim'>, anchor=('center', 'center'), autoLog=True, color=array([1., 1., 1.]), colorSpace='rgb', contrast=1.0, depth=-2.0, flipHoriz=False, flipVert=False, image='interface/button_avanti.png', interpolate=True, mask=None, maskParams=None, name='welcome_img', opacity=1.0, ori=0.0, pos=array([ 400., -250.]), size=array([251.5, 118. ]), texRes=128.0, units='pix', win=Window(...))
14.5259 	EXP 	window1: mouseVisible = True
14.5278 	EXP 	Created blackscreen_txt = TextStim(__class__=<class 'psychopy.visual.text.TextStim'>, alignHoriz=method-wrapper(...), alignText='center', alignVert=method-wrapper(...), anchorHoriz='center', anchorVert='center', antialias=True, autoDraw=False, autoLog=True, bold=False, color=array([1., 1., 1.]), colorSpace='rgb', contrast=1.0, depth=-1.0, flipHoriz=False, flipVert=False, font='Open Sans', fontFiles=[], height=0.05, italic=False, languageStyle='LTR', name='blackscreen_txt', opacity=1.0, ori=0.0, pos=array([0., 0.]), rgb=UNKNOWN, text='', units='height', win=Window(...), wrapWidth=1)
14.5401 	EXP 	Created gesino_txt = TextStim(__class__=<class 'psychopy.visual.text.TextStim'>, alignHoriz=method-wrapper(...), alignText='center', alignVert=method-wrapper(...), anchorHoriz='center', anchorVert='center', antialias=True, autoDraw=False, autoLog=True, bold=False, color=array([1., 1., 1.]), colorSpace='rgb', contrast=1.0, depth=-1.0, flipHoriz=False, flipVert=False, font='Open Sans', fontFiles=[], height=0.05, italic=False, languageStyle='LTR', name='gesino_txt', opacity=1.0, ori=0.0, pos=array([0. , 0.2]), rgb=UNKNOWN, text=str(...), units='height', win=Window(...), wrapWidth=1)
14.5440 	EXP 	Created genuine_txt = TextStim(__class__=<class 'psychopy.visual.text.TextStim'>, alignHoriz=method-wrapper(...), alignText='center', alignVert=method-wrapper(...), anchorHoriz='center', anchorVert='center', antialias=True, autoDraw=False, autoLog=True, bold=False, color=array([1., 1., 1.]), colorSpace='rgb', contrast=1.0, depth=0.0, flipHoriz=False, flipVert=False, font='Open Sans', fontFiles=[], height=0.05, italic=False, languageStyle='LTR', name='genuine_txt', opacity=1.0, ori=0.0, pos=array([0. , 0.2]), rgb=UNKNOWN, text="L'emozione mostrata era genuina?", units='height', win=Window(...), wrapWidth=1)
14.5599 	EXP 	window1: mouseVisible = True
14.7096 	EXP 	Created genuine_slider = Slider(__class__=<class 'psychopy.visual.slider.Slider'>, autoDraw=False, autoLog=True, borderColor=None, color=None, colorSpace='rgb', depth=-1, fillColor=None, flip=False, font='Open Sans', granularity=1.0, labelColor=None, labelHeight=0.05, labelWrapWidth=None, labels=list(...), lineColor=None, markerColor=None, name='genuine_slider', opacity=None, ori=0.0, pos=array([0., 0.]), readOnly=False, self=UNKNOWN, size=array([0.95, 0.05]), startValue=0, style='rating', styleTweaks=['labels45'], ticks=ndarray(...), units='height', win=Window(...))
14.7271 	EXP 	Created genuine_img = ImageStim(__class__=<class 'psychopy.visual.image.ImageStim'>, anchor=('center', 'center'), autoLog=True, color=array([1., 1., 1.]), colorSpace='rgb', contrast=1.0, depth=-2.0, flipHoriz=False, flipVert=False, image='interface/button_avanti.png', interpolate=True, mask=None, maskParams=None, name='genuine_img', opacity=1.0, ori=0.0, pos=array([ 400., -250.]), size=array([251.5, 118. ]), texRes=128.0, units='pix', win=Window(...))
14.7272 	EXP 	window1: mouseVisible = True
14.7386 	EXP 	Created genuine_txt2 = TextStim(__class__=<class 'psychopy.visual.text.TextStim'>, alignHoriz=method-wrapper(...), alignText='center', alignVert=method-wrapper(...), anchorHoriz='center', anchorVert='center', antialias=True, autoDraw=False, autoLog=True, bold=False, color=array([1., 1., 1.]), colorSpace='rgb', contrast=1.0, depth=-4.0, flipHoriz=False, flipVert=False, font='Open Sans', fontFiles=[], height=0.03, italic=False, languageStyle='LTR', name='genuine_txt2', opacity=1.0, ori=0.0, pos=array([ 0. , -0.4]), rgb=UNKNOWN, text=str(...), units='height', win=Window(...), wrapWidth=1)
14.7422 	EXP 	Created emotion_txt = TextStim(__class__=<class 'psychopy.visual.text.TextStim'>, alignHoriz=method-wrapper(...), alignText='center', alignVert=method-wrapper(...), anchorHoriz='center', anchorVert='center', antialias=True, autoDraw=False, autoLog=True, bold=False, color=array([1., 1., 1.]), colorSpace='rgb', contrast=1.0, depth=-1.0, flipHoriz=False, flipVert=False, font='Open Sans', fontFiles=[], height=0.05, italic=False, languageStyle='LTR', name='emotion_txt', opacity=1.0, ori=0.0, pos=array([0. , 0.2]), rgb=UNKNOWN, text="L'emozione mostrata era:", units='height', win=Window(...), wrapWidth=1)
14.7551 	EXP 	Created fear = ImageStim(__class__=<class 'psychopy.visual.image.ImageStim'>, anchor=('center', 'center'), autoLog=True, color=array([1., 1., 1.]), colorSpace='rgb', contrast=1.0, depth=-2.0, flipHoriz=False, flipVert=False, image='interface/button_fear.png', interpolate=True, mask=None, maskParams=None, name='fear', opacity=1.0, ori=0.0, pos=array([0., 0.]), size=array([251.5, 118. ]), texRes=128.0, units='pix', win=Window(...))
14.7687 	EXP 	Created anger = ImageStim(__class__=<class 'psychopy.visual.image.ImageStim'>, anchor=('center', 'center'), autoLog=True, color=array([1., 1., 1.]), colorSpace='rgb', contrast=1.0, depth=-3.0, flipHoriz=False, flipVert=False, image='interface/button_anger.png', interpolate=True, mask=None, maskParams=None, name='anger', opacity=1.0, ori=0.0, pos=array([0., 0.]), size=array([251.5, 118. ]), texRes=128.0, units='pix', win=Window(...))
14.7824 	EXP 	Created happiness = ImageStim(__class__=<class 'psychopy.visual.image.ImageStim'>, anchor=('center', 'center'), autoLog=True, color=array([1., 1., 1.]), colorSpace='rgb', contrast=1.0, depth=-4.0, flipHoriz=False, flipVert=False, image='interface/button_happiness.png', interpolate=True, mask=None, maskParams=None, name='happiness', opacity=1.0, ori=0.0, pos=array([0., 0.]), size=array([251.5, 118. ]), texRes=128.0, units='pix', win=Window(...))
14.7825 	EXP 	window1: mouseVisible = True
14.7858 	EXP 	Created intensity_txt = TextStim(__class__=<class 'psychopy.visual.text.TextStim'>, alignHoriz=method-wrapper(...), alignText='center', alignVert=method-wrapper(...), anchorHoriz='center', anchorVert='center', antialias=True, autoDraw=False, autoLog=True, bold=False, color=array([1., 1., 1.]), colorSpace='rgb', contrast=1.0, depth=0.0, flipHoriz=False, flipVert=False, font='Open Sans', fontFiles=[], height=0.05, italic=False, languageStyle='LTR', name='intensity_txt', opacity=1.0, ori=0.0, pos=array([0. , 0.2]), rgb=UNKNOWN, text="L'emozione mostrata era intensa?", units='height', win=Window(...), wrapWidth=1)
14.7913 	EXP 	window1: mouseVisible = True
14.8813 	EXP 	Created intensity_slider = Slider(__class__=<class 'psychopy.visual.slider.Slider'>, autoDraw=False, autoLog=True, borderColor=None, color=None, colorSpace='rgb', depth=-1, fillColor=None, flip=False, font='Open Sans', granularity=1.0, labelColor=None, labelHeight=0.05, labelWrapWidth=None, labels=list(...), lineColor=None, markerColor=None, name='intensity_slider', opacity=None, ori=0.0, pos=array([0., 0.]), readOnly=False, self=UNKNOWN, size=array([0.75, 0.05]), startValue=0, style='rating', styleTweaks=['labels45'], ticks=array([0, 1, 2, 3, 4, 5, 6, 7, 8, 9]), units='height', win=Window(...))
14.8969 	EXP 	Created intensity_img = ImageStim(__class__=<class 'psychopy.visual.image.ImageStim'>, anchor=('center', 'center'), autoLog=True, color=array([1., 1., 1.]), colorSpace='rgb', contrast=1.0, depth=-2.0, flipHoriz=False, flipVert=False, image='interface/button_avanti.png', interpolate=True, mask=None, maskParams=None, name='intensity_img', opacity=1.0, ori=0.0, pos=array([ 400., -250.]), size=array([251.5, 118. ]), texRes=128.0, units='pix', win=Window(...))
14.8971 	EXP 	window1: mouseVisible = True
14.9028 	EXP 	Created intensity_txt2 = TextStim(__class__=<class 'psychopy.visual.text.TextStim'>, alignHoriz=method-wrapper(...), alignText='center', alignVert=method-wrapper(...), anchorHoriz='center', anchorVert='center', antialias=True, autoDraw=False, autoLog=True, bold=False, color=array([1., 1., 1.]), colorSpace='rgb', contrast=1.0, depth=-4.0, flipHoriz=False, flipVert=False, font='Open Sans', fontFiles=[], height=0.03, italic=False, languageStyle='LTR', name='intensity_txt2', opacity=1.0, ori=0.0, pos=array([ 0. , -0.4]), rgb=UNKNOWN, text='0 = Per niente intensa, 9 = Molto intensa', units='height', win=Window(...), wrapWidth=1)
14.9070 	EXP 	Created end_txt = TextStim(__class__=<class 'psychopy.visual.text.TextStim'>, alignHoriz=method-wrapper(...), alignText='center', alignVert=method-wrapper(...), anchorHoriz='center', anchorVert='center', antialias=True, autoDraw=False, autoLog=True, bold=False, color=array([1., 1., 1.]), colorSpace='rgb', contrast=1.0, depth=0.0, flipHoriz=False, flipVert=False, font='Open Sans', fontFiles=[], height=0.05, italic=False, languageStyle='LTR', name='end_txt', opacity=1.0, ori=0.0, pos=array([0., 0.]), rgb=UNKNOWN, text="L'esperimento è finito.\n\nGrazie", units='height', win=Window(...), wrapWidth=1)
14.9365 	WARNING 	t of last frame was 2840.98ms (=1/0)
14.9365 	EXP 	genuine_slider: autoLog = True
14.9365 	EXP 	genuine_slider: markerPos = 0
14.9365 	EXP 	genuine_slider: styleTweaks = []
14.9365 	EXP 	genuine_slider: styleTweaks = []
14.9365 	EXP 	genuine_slider: styleTweaks = ['labels45']
14.9365 	EXP 	genuine_slider: styleTweaks = ['labels45']
14.9365 	EXP 	genuine_slider: contrast = 1.0
14.9365 	EXP 	genuine_slider: autoLog = True
14.9365 	EXP 	intensity_slider: autoLog = True
14.9365 	EXP 	intensity_slider: markerPos = 0
14.9365 	EXP 	intensity_slider: styleTweaks = []
14.9365 	EXP 	intensity_slider: styleTweaks = []
14.9365 	EXP 	intensity_slider: styleTweaks = ['labels45']
14.9365 	EXP 	intensity_slider: styleTweaks = ['labels45']
14.9365 	EXP 	intensity_slider: contrast = 1.0
14.9365 	EXP 	intensity_slider: autoLog = True
14.9365 	EXP 	welcome_txt: autoDraw = True
14.9365 	EXP 	welcome_img: autoDraw = True
15.1294 	WARNING 	t of last frame was 24.12ms (=1/41)
15.1959 	WARNING 	t of last frame was 23.72ms (=1/42)
15.2459 	WARNING 	t of last frame was 23.95ms (=1/41)
15.3622 	WARNING 	Multiple dropped frames have occurred - I'll stop bothering you about them!
16.0138 	DATA 	Mouse: Left button down, pos=(992,444)
16.0829 	DATA 	Mouse:  Left button up, pos=(992,444)
16.6655 	DATA 	Mouse: Left button down, pos=(1031,405)
16.7001 	EXP 	Imported PEDFE/edited/PEDFE.xlsx as conditions, 65 conditions, 8 params
16.7017 	EXP 	Created sequence: random, trialTypes=65, nReps=1, seed=None
16.7022 	EXP 	New trial (rep=0, index=0): {'file': '12_fg_1.mp4', 'id': 12, 'emotion': 'happiness', 'elicitation': 'genuine', 'clip': 1, 'h': 854, 'w': 480, 'genuine': 'v'}
16.7034 	EXP 	window1: mouseVisible = False
16.7108 	EXP 	welcome_txt: autoDraw = False
16.7108 	EXP 	welcome_img: autoDraw = False
16.7108 	EXP 	blackscreen_txt: autoDraw = True
16.7482 	DATA 	Mouse:  Left button up, pos=(1031,405)
19.6791 	EXP 	window1: mouseVisible = False
19.8528 	EXP 	window1: Attempting to measure frame rate of screen (0) ...
19.8529 	EXP 	window1: recordFrameIntervals = False
19.8760 	EXP 	blackscreen_txt: autoDraw = False
19.9522 	EXP 	window1: recordFrameIntervals = True
19.9628 	EXP 	Screen (0) actual frame rate measured at 119.83Hz
19.9628 	EXP 	window1: recordFrameIntervals = True
19.9640 	EXP 	Created trial_mp4 = MovieStim3(__class__=<class 'psychopy.visual.movie3.MovieStim3'>, anchor=('center', 'center'), autoLog=True, color=UNKNOWN, colorSpace=UNKNOWN, depth=-1.0, filename='PEDFE/edited/12_fg_1.mp4', flipHoriz=False, flipVert=False, fps=UNKNOWN, interpolate=True, loop=False, name='trial_mp4', noAudio=True, opacity=1, ori=method-wrapper(...), pos=array([0., 0.]), size=None, units='pix', vframe_callback=UNKNOWN, volume=UNKNOWN, win=Window(...))
20.1332 	WARNING 	0.16916788799971982: Video catchup needed, advancing self._nextFrameT from 0.0 to 0.03273322422258593
20.1333 	WARNING 	0.1692438489990309: Video catchup needed, advancing self._nextFrameT from 0.03273322422258593 to 0.06546644844517185
20.1333 	WARNING 	0.1692646009996679: Video catchup needed, advancing self._nextFrameT from 0.06546644844517185 to 0.09819967266775778
20.1333 	WARNING 	0.16928065399952175: Video catchup needed, advancing self._nextFrameT from 0.09819967266775778 to 0.1309328968903437
20.1777 	EXP 	trial_mp4: autoLog = True
20.1777 	EXP 	trial_mp4: movie = 'PEDFE/edited/12_fg_1.mp4'
20.1777 	EXP 	trial_mp4: ori = 0.0
20.1777 	EXP 	trial_mp4: autoDraw = True
22.8287 	EXP 	Set trial_mp4 finished
22.8297 	EXP 	window1: mouseVisible = True
22.8388 	EXP 	trial_mp4: autoDraw = False
22.8388 	EXP 	gesino_txt: autoDraw = True
23.5617 	DATA 	Keypress: v
23.6920 	EXP 	gesino_txt: autoDraw = False
23.6920 	EXP 	genuine_slider: markerPos = 0
23.6920 	EXP 	genuine_slider: markerPos = None
23.6920 	EXP 	genuine_txt: autoDraw = True
23.6920 	EXP 	genuine_slider: autoDraw = True
23.6920 	EXP 	genuine_txt2: autoDraw = True
24.5155 	DATA 	Mouse: Left button down, pos=(794,524)
24.5626 	EXP 	genuine_slider: markerPos = -1.2912281249698836
24.6122 	EXP 	genuine_slider: markerPos = -1.2912281249698836
24.6156 	DATA 	Mouse:  Left button up, pos=(794,524)
24.6631 	EXP 	genuine_slider: markerPos = -1.0
24.7092 	EXP 	genuine_img: autoDraw = True
25.5409 	DATA 	Mouse: Left button down, pos=(880,435)
25.6154 	DATA 	Mouse:  Left button up, pos=(880,435)
26.0524 	DATA 	Mouse: Left button down, pos=(947,422)
26.1266 	DATA 	Mouse:  Left button up, pos=(947,422)
26.7729 	DATA 	Mouse: Left button down, pos=(950,413)
26.8399 	DATA 	Mouse:  Left button up, pos=(950,413)
27.2354 	DATA 	Mouse: Left button down, pos=(919,404)
27.3283 	DATA 	Mouse:  Left button up, pos=(919,404)
27.7654 	DATA 	Mouse: Left button down, pos=(956,385)
27.8858 	DATA 	Mouse:  Left button up, pos=(956,385)
28.3490 	DATA 	Mouse: Left button down, pos=(989,378)
28.3902 	EXP 	genuine_txt: autoDraw = False
28.3902 	EXP 	genuine_slider: autoDraw = False
28.3902 	EXP 	genuine_img: autoDraw = False
28.3902 	EXP 	genuine_txt2: autoDraw = False
28.3902 	EXP 	emotion_txt: autoDraw = True
28.3902 	EXP 	fear: autoDraw = True
28.3902 	EXP 	anger: autoDraw = True
28.3902 	EXP 	happiness: autoDraw = True
28.4391 	DATA 	Mouse:  Left button up, pos=(990,378)
29.0543 	DATA 	Mouse: Left button down, pos=(876,503)
29.1372 	DATA 	Mouse:  Left button up, pos=(876,503)
29.1597 	EXP 	emotion_txt: autoDraw = False
29.1597 	EXP 	fear: autoDraw = False
29.1597 	EXP 	anger: autoDraw = False
29.1597 	EXP 	happiness: autoDraw = False
29.1597 	EXP 	intensity_slider: markerPos = 0
29.1597 	EXP 	intensity_slider: markerPos = None
29.1597 	EXP 	intensity_txt: autoDraw = True
29.1597 	EXP 	intensity_slider: autoDraw = True
29.1597 	EXP 	intensity_txt2: autoDraw = True
29.8268 	DATA 	Mouse: Left button down, pos=(869,520)
29.8879 	EXP 	intensity_slider: markerPos = 5.1628571301698685
29.9300 	EXP 	intensity_slider: markerPos = 5.1628571301698685
29.9330 	DATA 	Mouse:  Left button up, pos=(869,520)
29.9727 	EXP 	intensity_slider: markerPos = 5.0
30.0118 	EXP 	intensity_img: autoDraw = True
30.5615 	DATA 	Mouse: Left button down, pos=(978,425)
30.5679 	EXP 	New trial (rep=0, index=1): {'file': '29_rg_2.mp4', 'id': 29, 'emotion': 'anger', 'elicitation': 'genuine', 'clip': 2, 'h': 854, 'w': 480, 'genuine': 'v'}
30.5692 	EXP 	window1: mouseVisible = False
30.5816 	EXP 	intensity_txt: autoDraw = False
30.5816 	EXP 	intensity_slider: autoDraw = False
30.5816 	EXP 	intensity_img: autoDraw = False
30.5816 	EXP 	intensity_txt2: autoDraw = False
30.5816 	EXP 	blackscreen_txt: autoDraw = True
30.6382 	DATA 	Mouse:  Left button up, pos=(978,425)
33.5697 	EXP 	window1: mouseVisible = False
33.5699 	EXP 	window1: Attempting to measure frame rate of screen (0) ...
33.5699 	EXP 	window1: recordFrameIntervals = False
33.5785 	EXP 	blackscreen_txt: autoDraw = False
33.6518 	EXP 	window1: recordFrameIntervals = True
33.6621 	EXP 	Screen (0) actual frame rate measured at 120.84Hz
33.6621 	EXP 	window1: recordFrameIntervals = True
33.6628 	EXP 	Created trial_mp4 = MovieStim3(__class__=<class 'psychopy.visual.movie3.MovieStim3'>, anchor=('center', 'center'), autoLog=True, color=UNKNOWN, colorSpace=UNKNOWN, depth=-1.0, filename='PEDFE/edited/29_rg_2.mp4', flipHoriz=False, flipVert=False, fps=UNKNOWN, interpolate=True, loop=False, name='trial_mp4', noAudio=True, opacity=1, ori=method-wrapper(...), pos=array([0., 0.]), size=None, units='pix', vframe_callback=UNKNOWN, volume=UNKNOWN, win=Window(...))
33.8323 	WARNING 	0.169424292000258: Video catchup needed, advancing self._nextFrameT from 0.0 to 0.03273322422258593
33.8324 	WARNING 	0.16950152200115554: Video catchup needed, advancing self._nextFrameT from 0.03273322422258593 to 0.06546644844517185
33.8324 	WARNING 	0.16952195200065034: Video catchup needed, advancing self._nextFrameT from 0.06546644844517185 to 0.09819967266775778
33.8324 	WARNING 	0.16953790800107527: Video catchup needed, advancing self._nextFrameT from 0.09819967266775778 to 0.1309328968903437
33.8728 	EXP 	trial_mp4: autoLog = True
33.8728 	EXP 	trial_mp4: movie = 'PEDFE/edited/29_rg_2.mp4'
33.8728 	EXP 	trial_mp4: ori = 0.0
33.8728 	EXP 	trial_mp4: autoDraw = True
36.3674 	EXP 	Set trial_mp4 finished
36.3684 	EXP 	window1: mouseVisible = True
36.3784 	EXP 	trial_mp4: autoDraw = False
36.3784 	EXP 	gesino_txt: autoDraw = True
36.8789 	DATA 	Keypress: v
36.9270 	EXP 	gesino_txt: autoDraw = False
36.9270 	EXP 	genuine_slider: markerPos = 0
36.9270 	EXP 	genuine_slider: markerPos = None
36.9270 	EXP 	genuine_txt: autoDraw = True
36.9270 	EXP 	genuine_slider: autoDraw = True
36.9270 	EXP 	genuine_txt2: autoDraw = True
37.6053 	DATA 	Mouse: Left button down, pos=(802,524)
37.6528 	EXP 	genuine_slider: markerPos = -1.0666666689671969
37.7026 	EXP 	genuine_slider: markerPos = -1.0666666689671969
37.7062 	DATA 	Mouse:  Left button up, pos=(802,524)
37.7531 	EXP 	genuine_slider: markerPos = -1.0
37.7990 	EXP 	genuine_img: autoDraw = True
38.5383 	DATA 	Mouse: Left button down, pos=(966,401)
38.6318 	DATA 	Mouse:  Left button up, pos=(966,401)
39.1434 	DATA 	Mouse: Left button down, pos=(991,390)
39.1702 	EXP 	genuine_txt: autoDraw = False
39.1702 	EXP 	genuine_slider: autoDraw = False
39.1702 	EXP 	genuine_img: autoDraw = False
39.1702 	EXP 	genuine_txt2: autoDraw = False
39.1702 	EXP 	emotion_txt: autoDraw = True
39.1702 	EXP 	fear: autoDraw = True
39.1702 	EXP 	anger: autoDraw = True
39.1702 	EXP 	happiness: autoDraw = True
39.2332 	DATA 	Mouse:  Left button up, pos=(991,390)
40.2229 	DATA 	Mouse: Left button down, pos=(1174,494)
40.3378 	DATA 	Mouse:  Left button up, pos=(1174,494)
40.8563 	DATA 	Mouse: Left button down, pos=(1193,516)
40.9560 	DATA 	Mouse:  Left button up, pos=(1193,516)
41.4400 	DATA 	Mouse: Left button down, pos=(1174,526)
41.5227 	DATA 	Mouse:  Left button up, pos=(1174,526)
42.2558 	DATA 	Mouse: Left button down, pos=(1007,511)
42.3089 	EXP 	emotion_txt: autoDraw = False
42.3089 	EXP 	fear: autoDraw = False
42.3089 	EXP 	anger: autoDraw = False
42.3089 	EXP 	happiness: autoDraw = False
42.3089 	EXP 	intensity_slider: markerPos = 0
42.3089 	EXP 	intensity_slider: markerPos = None
42.3089 	EXP 	intensity_txt: autoDraw = True
42.3089 	EXP 	intensity_slider: autoDraw = True
42.3089 	EXP 	intensity_txt2: autoDraw = True
42.3089 	EXP 	intensity_slider: markerPos = 8.294285774230957
42.3510 	EXP 	intensity_slider: markerPos = 8.294285774230957
42.3537 	DATA 	Mouse:  Left button up, pos=(1006,511)
42.3933 	EXP 	intensity_slider: markerPos = 8.0
42.4323 	EXP 	intensity_img: autoDraw = True
43.3517 	DATA 	Mouse: Left button down, pos=(993,402)
43.3779 	EXP 	New trial (rep=0, index=2): {'file': '4_rs_4.mp4', 'id': 4, 'emotion': 'anger', 'elicitation': 'paused', 'clip': 4, 'h': 854, 'w': 480, 'genuine': 'n'}
43.3792 	EXP 	window1: mouseVisible = False
43.3915 	EXP 	intensity_txt: autoDraw = False
43.3915 	EXP 	intensity_slider: autoDraw = False
43.3915 	EXP 	intensity_img: autoDraw = False
43.3915 	EXP 	intensity_txt2: autoDraw = False
43.3915 	EXP 	blackscreen_txt: autoDraw = True
43.4479 	DATA 	Mouse:  Left button up, pos=(993,402)
46.3784 	EXP 	window1: mouseVisible = False
46.3785 	EXP 	window1: Attempting to measure frame rate of screen (0) ...
46.3786 	EXP 	window1: recordFrameIntervals = False
46.3849 	EXP 	blackscreen_txt: autoDraw = False
46.4616 	EXP 	window1: recordFrameIntervals = True
46.4687 	EXP 	Screen (0) actual frame rate measured at 119.93Hz
46.4688 	EXP 	window1: recordFrameIntervals = True
46.4695 	EXP 	Created trial_mp4 = MovieStim3(__class__=<class 'psychopy.visual.movie3.MovieStim3'>, anchor=('center', 'center'), autoLog=True, color=UNKNOWN, colorSpace=UNKNOWN, depth=-1.0, filename='PEDFE/edited/4_rs_4.mp4', flipHoriz=False, flipVert=False, fps=UNKNOWN, interpolate=True, loop=False, name='trial_mp4', noAudio=True, opacity=1, ori=method-wrapper(...), pos=array([0., 0.]), size=None, units='pix', vframe_callback=UNKNOWN, volume=UNKNOWN, win=Window(...))
46.6375 	WARNING 	0.16788686600011715: Video catchup needed, advancing self._nextFrameT from 0.0 to 0.03273322422258593
46.6375 	WARNING 	0.16796757900010562: Video catchup needed, advancing self._nextFrameT from 0.03273322422258593 to 0.06546644844517185
46.6376 	WARNING 	0.16798793400084833: Video catchup needed, advancing self._nextFrameT from 0.06546644844517185 to 0.09819967266775778
46.6376 	WARNING 	0.1680038180002157: Video catchup needed, advancing self._nextFrameT from 0.09819967266775778 to 0.1309328968903437
46.6784 	EXP 	trial_mp4: autoLog = True
46.6784 	EXP 	trial_mp4: movie = 'PEDFE/edited/4_rs_4.mp4'
46.6784 	EXP 	trial_mp4: ori = 0.0
46.6784 	EXP 	trial_mp4: autoDraw = True
48.8371 	DATA 	Keypress: v
49.2315 	EXP 	Set trial_mp4 finished
49.2324 	EXP 	window1: mouseVisible = True
49.2408 	EXP 	trial_mp4: autoDraw = False
49.2408 	EXP 	gesino_txt: autoDraw = True
49.9098 	DATA 	Keypress: v
49.9407 	EXP 	gesino_txt: autoDraw = False
49.9407 	EXP 	genuine_slider: markerPos = 0
49.9407 	EXP 	genuine_slider: markerPos = None
49.9407 	EXP 	genuine_txt: autoDraw = True
49.9407 	EXP 	genuine_slider: autoDraw = True
49.9407 	EXP 	genuine_txt2: autoDraw = True
51.1832 	DATA 	Mouse: Left button down, pos=(862,523)
51.2182 	EXP 	genuine_slider: markerPos = 0.6175438667598527
51.2546 	EXP 	genuine_slider: markerPos = 0.6175438667598527
51.2842 	DATA 	Mouse:  Left button up, pos=(862,523)
51.2915 	EXP 	genuine_slider: markerPos = 0.6175438667598527
51.3283 	EXP 	genuine_slider: markerPos = 1.0
51.3600 	EXP 	genuine_img: autoDraw = True
52.1353 	DATA 	Mouse: Left button down, pos=(1043,393)
52.1558 	EXP 	genuine_txt: autoDraw = False
52.1558 	EXP 	genuine_slider: autoDraw = False
52.1558 	EXP 	genuine_img: autoDraw = False
52.1558 	EXP 	genuine_txt2: autoDraw = False
52.1558 	EXP 	emotion_txt: autoDraw = True
52.1558 	EXP 	fear: autoDraw = True
52.1558 	EXP 	anger: autoDraw = True
52.1558 	EXP 	happiness: autoDraw = True
52.2156 	DATA 	Mouse:  Left button up, pos=(1043,393)
53.2482 	DATA 	Mouse: Left button down, pos=(514,514)
53.3320 	DATA 	Mouse:  Left button up, pos=(514,514)
53.8325 	DATA 	Mouse: Left button down, pos=(533,514)
53.9319 	DATA 	Mouse:  Left button up, pos=(533,514)
54.4296 	DATA 	Mouse: Left button down, pos=(573,516)
54.4991 	DATA 	Mouse:  Left button up, pos=(573,516)
54.8818 	DATA 	Mouse: Left button down, pos=(615,520)
54.9249 	EXP 	emotion_txt: autoDraw = False
54.9249 	EXP 	fear: autoDraw = False
54.9249 	EXP 	anger: autoDraw = False
54.9249 	EXP 	happiness: autoDraw = False
54.9249 	EXP 	intensity_slider: markerPos = 0
54.9249 	EXP 	intensity_slider: markerPos = None
54.9249 	EXP 	intensity_txt: autoDraw = True
54.9249 	EXP 	intensity_slider: autoDraw = True
54.9249 	EXP 	intensity_txt2: autoDraw = True
54.9681 	DATA 	Mouse:  Left button up, pos=(615,520)
55.7198 	DATA 	Mouse: Left button down, pos=(659,521)
55.7545 	EXP 	intensity_slider: markerPos = 0.3628571033477785
55.7892 	EXP 	intensity_slider: markerPos = 0.3628571033477785
55.7912 	DATA 	Mouse:  Left button up, pos=(659,521)
55.8194 	EXP 	intensity_slider: markerPos = 0.0
56.8529 	DATA 	Mouse: Left button down, pos=(872,361)
56.9772 	DATA 	Mouse:  Left button up, pos=(872,361)
58.2452 	DATA 	Mouse: Left button down, pos=(872,361)
58.3449 	DATA 	Mouse:  Left button up, pos=(872,361)
59.8845 	DATA 	Mouse: Left button down, pos=(1020,394)
59.9676 	DATA 	Mouse:  Left button up, pos=(1020,394)
60.6879 	DATA 	Mouse: Left button down, pos=(873,520)
60.7149 	EXP 	intensity_slider: markerPos = 5.2542857229709625
60.7433 	EXP 	intensity_slider: markerPos = 5.2542857229709625
60.7713 	EXP 	intensity_slider: markerPos = 5.2542857229709625
60.7937 	DATA 	Mouse:  Left button up, pos=(873,520)
60.8000 	EXP 	intensity_slider: markerPos = 5.2542857229709625
60.8282 	EXP 	intensity_slider: markerPos = 5.0
60.8526 	EXP 	intensity_img: autoDraw = True
61.6112 	DATA 	Mouse: Left button down, pos=(1077,360)
61.6895 	DATA 	Mouse:  Left button up, pos=(1077,360)
62.1005 	DATA 	Mouse: Left button down, pos=(1036,399)
62.1058 	EXP 	New trial (rep=0, index=3): {'file': '1_rs_3.mp4', 'id': 1, 'emotion': 'anger', 'elicitation': 'paused', 'clip': 3, 'h': 854, 'w': 480, 'genuine': 'n'}
62.1070 	EXP 	window1: mouseVisible = False
62.1153 	EXP 	intensity_txt: autoDraw = False
62.1153 	EXP 	intensity_slider: autoDraw = False
62.1153 	EXP 	intensity_img: autoDraw = False
62.1153 	EXP 	intensity_txt2: autoDraw = False
62.1153 	EXP 	blackscreen_txt: autoDraw = True
62.1804 	DATA 	Mouse:  Left button up, pos=(1035,399)
65.1036 	EXP 	window1: mouseVisible = False
65.1037 	EXP 	window1: Attempting to measure frame rate of screen (0) ...
65.1038 	EXP 	window1: recordFrameIntervals = False
65.1110 	EXP 	blackscreen_txt: autoDraw = False
65.1110 	EXP 	blackscreen_txt: autoDraw = False
65.1846 	EXP 	window1: recordFrameIntervals = True
65.1948 	EXP 	Screen (0) actual frame rate measured at 119.60Hz
65.1949 	EXP 	window1: recordFrameIntervals = True
65.1957 	EXP 	Created trial_mp4 = MovieStim3(__class__=<class 'psychopy.visual.movie3.MovieStim3'>, anchor=('center', 'center'), autoLog=True, color=UNKNOWN, colorSpace=UNKNOWN, depth=-1.0, filename='PEDFE/edited/1_rs_3.mp4', flipHoriz=False, flipVert=False, fps=UNKNOWN, interpolate=True, loop=False, name='trial_mp4', noAudio=True, opacity=1, ori=method-wrapper(...), pos=array([0., 0.]), size=None, units='pix', vframe_callback=UNKNOWN, volume=UNKNOWN, win=Window(...))
65.3650 	WARNING 	0.1693210840003303: Video catchup needed, advancing self._nextFrameT from 0.0 to 0.03273322422258593
65.3651 	WARNING 	0.16940041799898609: Video catchup needed, advancing self._nextFrameT from 0.03273322422258593 to 0.06546644844517185
65.3651 	WARNING 	0.16941910099922097: Video catchup needed, advancing self._nextFrameT from 0.06546644844517185 to 0.09819967266775778
65.3651 	WARNING 	0.16943860500032315: Video catchup needed, advancing self._nextFrameT from 0.09819967266775778 to 0.1309328968903437
65.4038 	EXP 	trial_mp4: autoLog = True
65.4038 	EXP 	trial_mp4: movie = 'PEDFE/edited/1_rs_3.mp4'
65.4038 	EXP 	trial_mp4: ori = 0.0
65.4038 	EXP 	trial_mp4: autoDraw = True
67.6410 	EXP 	window1: mouseVisible = True
