1.3856 	WARNING 	We strongly recommend you activate the PTB sound engine in PsychoPy prefs as the preferred audio engine. Its timing is vastly superior. Your prefs are currently set to use ['sounddevice', 'PTB', 'pyo', 'pygame'] (in that order).
8.6714 	WARNING 	Couldn't measure a consistent frame rate!
  - Is your graphics card set to sync to vertical blank?
  - Are you running other processes on your computer?

8.6720 	EXP 	Created window1 = Window(allowGUI=False, allowStencil=False, autoLog=True, backendConf=UNKNOWN, bitsMode=UNKNOWN, blendMode='avg', bpc=(8, 8, 8), color=array([-1, -1, -1]), colorSpace='rgb', depthBits=8, fullscr=<method-wrapper '__getattribute__' of attributeSetter object at 0x7f88fdb070a0>, gamma=None, gammaErrorPolicy='raise', lms=UNKNOWN, monitor=<psychopy.monitors.calibTools.Monitor object at 0x7f88fde79070>, multiSample=False, name='window1', numSamples=2, pos=[420.0, 262.5], screen=0, size=array([3360, 2100]), stencilBits=0, stereo=False, units='height', useFBO=True, useRetina=True, viewOri=0.0, viewPos=None, viewScale=None, waitBlanking=True, winType='pyglet')
8.6723 	EXP 	window1: mouseVisible = True
8.6723 	EXP 	window1: Attempting to measure frame rate of screen (0) ...
8.6723 	EXP 	window1: recordFrameIntervals = False
8.7546 	EXP 	window1: recordFrameIntervals = True
9.5880 	WARNING 	Couldn't measure a consistent frame rate!
  - Is your graphics card set to sync to vertical blank?
  - Are you running other processes on your computer?

12.3755 	EXP 	Created welcome_txt = TextStim(__class__=<class 'psychopy.visual.text.TextStim'>, alignHoriz=method-wrapper(...), alignText='center', alignVert=method-wrapper(...), anchorHoriz='center', anchorVert='center', antialias=True, autoDraw=False, autoLog=True, bold=False, color=array([1., 1., 1.]), colorSpace='rgb', contrast=1.0, depth=-1.0, flipHoriz=False, flipVert=False, font='Open Sans', fontFiles=[], height=0.05, italic=False, languageStyle='LTR', name='welcome_txt', opacity=1.0, ori=0.0, pos=array([0., 0.]), rgb=UNKNOWN, text='Premere il pulsante blu per iniziare', units='height', win=Window(...), wrapWidth=1)
12.4023 	EXP 	Created welcome_img = ImageStim(__class__=<class 'psychopy.visual.image.ImageStim'>, anchor=('center', 'center'), autoLog=True, color=array([1., 1., 1.]), colorSpace='rgb', contrast=1.0, depth=-2.0, flipHoriz=False, flipVert=False, image='interface/button_avanti.png', interpolate=True, mask=None, maskParams=None, name='welcome_img', opacity=1.0, ori=0.0, pos=array([ 400., -250.]), size=array([251.5, 118. ]), texRes=128.0, units='pix', win=Window(...))
12.4025 	EXP 	window1: mouseVisible = True
12.4044 	EXP 	Created blackscreen_txt = TextStim(__class__=<class 'psychopy.visual.text.TextStim'>, alignHoriz=method-wrapper(...), alignText='center', alignVert=method-wrapper(...), anchorHoriz='center', anchorVert='center', antialias=True, autoDraw=False, autoLog=True, bold=False, color=array([1., 1., 1.]), colorSpace='rgb', contrast=1.0, depth=-1.0, flipHoriz=False, flipVert=False, font='Open Sans', fontFiles=[], height=0.05, italic=False, languageStyle='LTR', name='blackscreen_txt', opacity=1.0, ori=0.0, pos=array([0., 0.]), rgb=UNKNOWN, text='', units='height', win=Window(...), wrapWidth=1)
12.4145 	EXP 	Created gesino_txt = TextStim(__class__=<class 'psychopy.visual.text.TextStim'>, alignHoriz=method-wrapper(...), alignText='center', alignVert=method-wrapper(...), anchorHoriz='center', anchorVert='center', antialias=True, autoDraw=False, autoLog=True, bold=False, color=array([1., 1., 1.]), colorSpace='rgb', contrast=1.0, depth=-1.0, flipHoriz=False, flipVert=False, font='Open Sans', fontFiles=[], height=0.05, italic=False, languageStyle='LTR', name='gesino_txt', opacity=1.0, ori=0.0, pos=array([0., 0.]), rgb=UNKNOWN, text=str(...), units='height', win=Window(...), wrapWidth=1)
12.4178 	EXP 	Created genuine_txt = TextStim(__class__=<class 'psychopy.visual.text.TextStim'>, alignHoriz=method-wrapper(...), alignText='center', alignVert=method-wrapper(...), anchorHoriz='center', anchorVert='center', antialias=True, autoDraw=False, autoLog=True, bold=False, color=array([1., 1., 1.]), colorSpace='rgb', contrast=1.0, depth=0.0, flipHoriz=False, flipVert=False, font='Open Sans', fontFiles=[], height=0.05, italic=False, languageStyle='LTR', name='genuine_txt', opacity=1.0, ori=0.0, pos=array([0. , 0.2]), rgb=UNKNOWN, text="L'emozione mostrata era genuina?", units='height', win=Window(...), wrapWidth=1)
12.4343 	EXP 	window1: mouseVisible = True
12.5788 	EXP 	Created genuine_slider = Slider(__class__=<class 'psychopy.visual.slider.Slider'>, autoDraw=False, autoLog=True, borderColor=None, color=None, colorSpace='rgb', depth=-1, fillColor=None, flip=False, font='Open Sans', granularity=1.0, labelColor=None, labelHeight=0.05, labelWrapWidth=None, labels=list(...), lineColor=None, markerColor=None, name='genuine_slider', opacity=None, ori=0.0, pos=array([0., 0.]), readOnly=False, self=UNKNOWN, size=array([0.95, 0.05]), startValue=0, style='rating', styleTweaks=['labels45'], ticks=ndarray(...), units='height', win=Window(...))
12.5948 	EXP 	Created genuine_img = ImageStim(__class__=<class 'psychopy.visual.image.ImageStim'>, anchor=('center', 'center'), autoLog=True, color=array([1., 1., 1.]), colorSpace='rgb', contrast=1.0, depth=-2.0, flipHoriz=False, flipVert=False, image='interface/button_avanti.png', interpolate=True, mask=None, maskParams=None, name='genuine_img', opacity=1.0, ori=0.0, pos=array([ 400., -250.]), size=array([251.5, 118. ]), texRes=128.0, units='pix', win=Window(...))
12.5949 	EXP 	window1: mouseVisible = True
12.6055 	EXP 	Created genuine_txt2 = TextStim(__class__=<class 'psychopy.visual.text.TextStim'>, alignHoriz=method-wrapper(...), alignText='center', alignVert=method-wrapper(...), anchorHoriz='center', anchorVert='center', antialias=True, autoDraw=False, autoLog=True, bold=False, color=array([1., 1., 1.]), colorSpace='rgb', contrast=1.0, depth=-4.0, flipHoriz=False, flipVert=False, font='Open Sans', fontFiles=[], height=0.03, italic=False, languageStyle='LTR', name='genuine_txt2', opacity=1.0, ori=0.0, pos=array([ 0. , -0.4]), rgb=UNKNOWN, text=str(...), units='height', win=Window(...), wrapWidth=1)
12.6091 	EXP 	Created emotion_txt = TextStim(__class__=<class 'psychopy.visual.text.TextStim'>, alignHoriz=method-wrapper(...), alignText='center', alignVert=method-wrapper(...), anchorHoriz='center', anchorVert='center', antialias=True, autoDraw=False, autoLog=True, bold=False, color=array([1., 1., 1.]), colorSpace='rgb', contrast=1.0, depth=-1.0, flipHoriz=False, flipVert=False, font='Open Sans', fontFiles=[], height=0.05, italic=False, languageStyle='LTR', name='emotion_txt', opacity=1.0, ori=0.0, pos=array([0. , 0.2]), rgb=UNKNOWN, text="L'emozione mostrata era:", units='height', win=Window(...), wrapWidth=1)
12.6231 	EXP 	Created fear = ImageStim(__class__=<class 'psychopy.visual.image.ImageStim'>, anchor=('center', 'center'), autoLog=True, color=array([1., 1., 1.]), colorSpace='rgb', contrast=1.0, depth=-2.0, flipHoriz=False, flipVert=False, image='interface/button_fear.png', interpolate=True, mask=None, maskParams=None, name='fear', opacity=1.0, ori=0.0, pos=array([0., 0.]), size=array([251.5, 118. ]), texRes=128.0, units='pix', win=Window(...))
12.6377 	EXP 	Created anger = ImageStim(__class__=<class 'psychopy.visual.image.ImageStim'>, anchor=('center', 'center'), autoLog=True, color=array([1., 1., 1.]), colorSpace='rgb', contrast=1.0, depth=-3.0, flipHoriz=False, flipVert=False, image='interface/button_anger.png', interpolate=True, mask=None, maskParams=None, name='anger', opacity=1.0, ori=0.0, pos=array([0., 0.]), size=array([251.5, 118. ]), texRes=128.0, units='pix', win=Window(...))
12.6562 	EXP 	Created happiness = ImageStim(__class__=<class 'psychopy.visual.image.ImageStim'>, anchor=('center', 'center'), autoLog=True, color=array([1., 1., 1.]), colorSpace='rgb', contrast=1.0, depth=-4.0, flipHoriz=False, flipVert=False, image='interface/button_gioia.png', interpolate=True, mask=None, maskParams=None, name='happiness', opacity=1.0, ori=0.0, pos=array([0., 0.]), size=array([251.5, 118. ]), texRes=128.0, units='pix', win=Window(...))
12.6563 	EXP 	window1: mouseVisible = True
12.6597 	EXP 	Created intensity_txt = TextStim(__class__=<class 'psychopy.visual.text.TextStim'>, alignHoriz=method-wrapper(...), alignText='center', alignVert=method-wrapper(...), anchorHoriz='center', anchorVert='center', antialias=True, autoDraw=False, autoLog=True, bold=False, color=array([1., 1., 1.]), colorSpace='rgb', contrast=1.0, depth=0.0, flipHoriz=False, flipVert=False, font='Open Sans', fontFiles=[], height=0.05, italic=False, languageStyle='LTR', name='intensity_txt', opacity=1.0, ori=0.0, pos=array([0. , 0.2]), rgb=UNKNOWN, text="L'emozione mostrata era intensa?", units='height', win=Window(...), wrapWidth=1)
12.6652 	EXP 	window1: mouseVisible = True
12.7549 	EXP 	Created intensity_slider = Slider(__class__=<class 'psychopy.visual.slider.Slider'>, autoDraw=False, autoLog=True, borderColor=None, color=None, colorSpace='rgb', depth=-1, fillColor=None, flip=False, font='Open Sans', granularity=1.0, labelColor=None, labelHeight=0.05, labelWrapWidth=None, labels=list(...), lineColor=None, markerColor=None, name='intensity_slider', opacity=None, ori=0.0, pos=array([0., 0.]), readOnly=False, self=UNKNOWN, size=array([0.75, 0.05]), startValue=0, style='rating', styleTweaks=['labels45'], ticks=array([0, 1, 2, 3, 4, 5, 6, 7, 8, 9]), units='height', win=Window(...))
12.7701 	EXP 	Created intensity_img = ImageStim(__class__=<class 'psychopy.visual.image.ImageStim'>, anchor=('center', 'center'), autoLog=True, color=array([1., 1., 1.]), colorSpace='rgb', contrast=1.0, depth=-2.0, flipHoriz=False, flipVert=False, image='interface/button_avanti.png', interpolate=True, mask=None, maskParams=None, name='intensity_img', opacity=1.0, ori=0.0, pos=array([ 400., -250.]), size=array([251.5, 118. ]), texRes=128.0, units='pix', win=Window(...))
12.7702 	EXP 	window1: mouseVisible = True
12.7761 	EXP 	Created intensity_txt2 = TextStim(__class__=<class 'psychopy.visual.text.TextStim'>, alignHoriz=method-wrapper(...), alignText='center', alignVert=method-wrapper(...), anchorHoriz='center', anchorVert='center', antialias=True, autoDraw=False, autoLog=True, bold=False, color=array([1., 1., 1.]), colorSpace='rgb', contrast=1.0, depth=-4.0, flipHoriz=False, flipVert=False, font='Open Sans', fontFiles=[], height=0.03, italic=False, languageStyle='LTR', name='intensity_txt2', opacity=1.0, ori=0.0, pos=array([ 0. , -0.4]), rgb=UNKNOWN, text='0 = Per niente intensa, 9 = Molto intensa', units='height', win=Window(...), wrapWidth=1)
12.7803 	EXP 	Created end_txt = TextStim(__class__=<class 'psychopy.visual.text.TextStim'>, alignHoriz=method-wrapper(...), alignText='center', alignVert=method-wrapper(...), anchorHoriz='center', anchorVert='center', antialias=True, autoDraw=False, autoLog=True, bold=False, color=array([1., 1., 1.]), colorSpace='rgb', contrast=1.0, depth=0.0, flipHoriz=False, flipVert=False, font='Open Sans', fontFiles=[], height=0.05, italic=False, languageStyle='LTR', name='end_txt', opacity=1.0, ori=0.0, pos=array([0., 0.]), rgb=UNKNOWN, text="L'esperimento è finito.\n\nGrazie", units='height', win=Window(...), wrapWidth=1)
12.8111 	WARNING 	t of last frame was 3223.23ms (=1/0)
12.8111 	EXP 	genuine_slider: autoLog = True
12.8111 	EXP 	genuine_slider: markerPos = 0
12.8111 	EXP 	genuine_slider: styleTweaks = []
12.8111 	EXP 	genuine_slider: styleTweaks = []
12.8111 	EXP 	genuine_slider: styleTweaks = ['labels45']
12.8111 	EXP 	genuine_slider: styleTweaks = ['labels45']
12.8111 	EXP 	genuine_slider: contrast = 1.0
12.8111 	EXP 	genuine_slider: autoLog = True
12.8111 	EXP 	intensity_slider: autoLog = True
12.8111 	EXP 	intensity_slider: markerPos = 0
12.8111 	EXP 	intensity_slider: styleTweaks = []
12.8111 	EXP 	intensity_slider: styleTweaks = []
12.8111 	EXP 	intensity_slider: styleTweaks = ['labels45']
12.8111 	EXP 	intensity_slider: styleTweaks = ['labels45']
12.8111 	EXP 	intensity_slider: contrast = 1.0
12.8111 	EXP 	intensity_slider: autoLog = True
12.8111 	EXP 	welcome_txt: autoDraw = True
12.8111 	EXP 	welcome_img: autoDraw = True
12.9461 	WARNING 	t of last frame was 32.43ms (=1/30)
12.9681 	WARNING 	t of last frame was 22.04ms (=1/45)
13.0296 	WARNING 	t of last frame was 31.96ms (=1/31)
13.0516 	WARNING 	Multiple dropped frames have occurred - I'll stop bothering you about them!
13.9917 	DATA 	Mouse: Left button down, pos=(1028,400)
14.0184 	EXP 	Imported PEDFE/edited/PEDFE.xlsx as conditions, 65 conditions, 8 params
14.0202 	EXP 	Created sequence: random, trialTypes=65, nReps=1, seed=None
14.0206 	EXP 	New trial (rep=0, index=0): {'file': '35_rs_1.mp4', 'id': 35, 'emotion': 'anger', 'elicitation': 'paused', 'clip': 1, 'h': 854, 'w': 480, 'genuine': 'n'}
14.0221 	EXP 	window1: mouseVisible = False
14.0418 	EXP 	welcome_txt: autoDraw = False
14.0418 	EXP 	welcome_img: autoDraw = False
14.0418 	EXP 	blackscreen_txt: autoDraw = True
14.0580 	DATA 	Mouse:  Left button up, pos=(1028,400)
16.9956 	EXP 	window1: mouseVisible = False
17.1519 	EXP 	window1: Attempting to measure frame rate of screen (0) ...
17.1519 	EXP 	window1: recordFrameIntervals = False
17.1736 	EXP 	blackscreen_txt: autoDraw = False
17.2544 	EXP 	window1: recordFrameIntervals = True
17.2614 	EXP 	Screen (0) actual frame rate measured at 120.04Hz
17.2614 	EXP 	window1: recordFrameIntervals = True
17.2627 	EXP 	Created trial_mp4 = MovieStim3(__class__=<class 'psychopy.visual.movie3.MovieStim3'>, anchor=('center', 'center'), autoLog=True, color=UNKNOWN, colorSpace=UNKNOWN, depth=-1.0, filename='PEDFE/edited/35_rs_1.mp4', flipHoriz=False, flipVert=False, fps=UNKNOWN, interpolate=True, loop=False, name='trial_mp4', noAudio=True, opacity=1, ori=method-wrapper(...), pos=array([0., 0.]), size=None, units='pix', vframe_callback=UNKNOWN, volume=UNKNOWN, win=Window(...))
17.3994 	WARNING 	0.13666969500081905: Video catchup needed, advancing self._nextFrameT from 0.0 to 0.03273322422258593
17.3994 	WARNING 	0.13674380799966457: Video catchup needed, advancing self._nextFrameT from 0.03273322422258593 to 0.06546644844517185
17.3995 	WARNING 	0.1367771580007684: Video catchup needed, advancing self._nextFrameT from 0.06546644844517185 to 0.09819967266775778
17.4408 	EXP 	trial_mp4: autoLog = True
17.4408 	EXP 	trial_mp4: movie = 'PEDFE/edited/35_rs_1.mp4'
17.4408 	EXP 	trial_mp4: ori = 0.0
17.4408 	EXP 	trial_mp4: autoDraw = True
19.5475 	EXP 	Set trial_mp4 finished
19.5485 	EXP 	window1: mouseVisible = True
19.5580 	EXP 	trial_mp4: autoDraw = False
19.5580 	EXP 	gesino_txt: autoDraw = True
21.2577 	DATA 	Keypress: v
21.3685 	EXP 	gesino_txt: autoDraw = False
21.3685 	EXP 	genuine_slider: markerPos = 0
21.3685 	EXP 	genuine_slider: markerPos = None
21.3685 	EXP 	genuine_txt: autoDraw = True
21.3685 	EXP 	genuine_slider: autoDraw = True
21.3685 	EXP 	genuine_txt2: autoDraw = True
22.5220 	DATA 	Mouse: Left button down, pos=(897,523)
22.5900 	EXP 	genuine_slider: markerPos = 1.5999999485517797
22.5929 	DATA 	Mouse:  Left button up, pos=(897,523)
22.6388 	EXP 	genuine_slider: markerPos = 2.0
22.6852 	EXP 	genuine_img: autoDraw = True
23.3171 	DATA 	Mouse: Left button down, pos=(1008,428)
23.3576 	EXP 	genuine_txt: autoDraw = False
23.3576 	EXP 	genuine_slider: autoDraw = False
23.3576 	EXP 	genuine_img: autoDraw = False
23.3576 	EXP 	genuine_txt2: autoDraw = False
23.3576 	EXP 	emotion_txt: autoDraw = True
23.3576 	EXP 	fear: autoDraw = True
23.3576 	EXP 	anger: autoDraw = True
23.3576 	EXP 	happiness: autoDraw = True
23.3766 	DATA 	Mouse:  Left button up, pos=(1008,428)
26.8409 	DATA 	Mouse: Left button down, pos=(1168,527)
26.9254 	DATA 	Mouse:  Left button up, pos=(1168,527)
27.3749 	DATA 	Mouse: Left button down, pos=(1105,533)
27.4590 	DATA 	Mouse:  Left button up, pos=(1105,533)
27.8245 	DATA 	Mouse: Left button down, pos=(1068,533)
27.9386 	EXP 	emotion_txt: autoDraw = False
27.9386 	EXP 	fear: autoDraw = False
27.9386 	EXP 	anger: autoDraw = False
27.9386 	EXP 	happiness: autoDraw = False
27.9386 	EXP 	intensity_slider: markerPos = 0
27.9386 	EXP 	intensity_slider: markerPos = None
27.9386 	EXP 	intensity_txt: autoDraw = True
27.9386 	EXP 	intensity_slider: autoDraw = True
27.9386 	EXP 	intensity_txt2: autoDraw = True
27.9418 	DATA 	Mouse:  Left button up, pos=(1068,533)
28.5596 	DATA 	Mouse: Left button down, pos=(997,536)
28.6204 	EXP 	intensity_slider: markerPos = 8.088571429252625
28.6623 	EXP 	intensity_slider: markerPos = 8.088571429252625
28.6660 	DATA 	Mouse:  Left button up, pos=(997,536)
28.7061 	EXP 	intensity_slider: markerPos = 8.0
28.7457 	EXP 	intensity_img: autoDraw = True
29.8703 	DATA 	Mouse: Left button down, pos=(1051,377)
29.8769 	EXP 	New trial (rep=0, index=1): {'file': '29_fs_2.mp4', 'id': 29, 'emotion': 'happiness', 'elicitation': 'paused', 'clip': 2, 'h': 854, 'w': 480, 'genuine': 'n'}
29.8783 	EXP 	window1: mouseVisible = False
29.8910 	EXP 	intensity_txt: autoDraw = False
29.8910 	EXP 	intensity_slider: autoDraw = False
29.8910 	EXP 	intensity_img: autoDraw = False
29.8910 	EXP 	intensity_txt2: autoDraw = False
29.8910 	EXP 	blackscreen_txt: autoDraw = True
29.9565 	DATA 	Mouse:  Left button up, pos=(1051,377)
33.8584 	EXP 	window1: mouseVisible = True
