2.1273 	WARNING 	We strongly recommend you activate the PTB sound engine in PsychoPy prefs as the preferred audio engine. Its timing is vastly superior. Your prefs are currently set to use ['sounddevice', 'PTB', 'pyo', 'pygame'] (in that order).
23.2855 	WARNING 	Couldn't measure a consistent frame rate!
  - Is your graphics card set to sync to vertical blank?
  - Are you running other processes on your computer?

23.2863 	EXP 	Created window1 = Window(allowGUI=False, allowStencil=False, autoLog=True, backendConf=UNKNOWN, bitsMode=UNKNOWN, blendMode='avg', bpc=(8, 8, 8), color=array([-1, -1, -1]), colorSpace='rgb', depthBits=8, fullscr=<method-wrapper '__getattribute__' of attributeSetter object at 0x7feb20796040>, gamma=None, gammaErrorPolicy='raise', lms=UNKNOWN, monitor=<psychopy.monitors.calibTools.Monitor object at 0x7feb2139c1c0>, multiSample=False, name='window1', numSamples=2, pos=[420.0, 262.5], screen=0, size=array([3360, 2100]), stencilBits=0, stereo=False, units='height', useFBO=True, useRetina=True, viewOri=0.0, viewPos=None, viewScale=None, waitBlanking=True, winType='pyglet')
23.2866 	EXP 	window1: mouseVisible = True
23.2866 	EXP 	window1: Attempting to measure frame rate of screen (0) ...
23.2866 	EXP 	window1: recordFrameIntervals = False
23.3686 	EXP 	window1: recordFrameIntervals = True
24.2021 	WARNING 	Couldn't measure a consistent frame rate!
  - Is your graphics card set to sync to vertical blank?
  - Are you running other processes on your computer?

28.0788 	EXP 	Created welcome_txt = TextStim(__class__=<class 'psychopy.visual.text.TextStim'>, alignHoriz=method-wrapper(...), alignText='center', alignVert=method-wrapper(...), anchorHoriz='center', anchorVert='center', antialias=True, autoDraw=False, autoLog=True, bold=False, color=array([1., 1., 1.]), colorSpace='rgb', contrast=1.0, depth=-1.0, flipHoriz=False, flipVert=False, font='Open Sans', fontFiles=[], height=0.05, italic=False, languageStyle='LTR', name='welcome_txt', opacity=1.0, ori=0.0, pos=array([0., 0.]), rgb=UNKNOWN, text='Premere il pulsante blu per iniziare', units='height', win=Window(...), wrapWidth=1)
28.1505 	EXP 	Created welcome_img = ImageStim(__class__=<class 'psychopy.visual.image.ImageStim'>, anchor=('center', 'center'), autoLog=True, color=array([1., 1., 1.]), colorSpace='rgb', contrast=1.0, depth=-2.0, flipHoriz=False, flipVert=False, image='interface/button_avanti.png', interpolate=True, mask=None, maskParams=None, name='welcome_img', opacity=1.0, ori=0.0, pos=array([ 400., -250.]), size=array([251.5, 118. ]), texRes=128.0, units='pix', win=Window(...))
28.1507 	EXP 	window1: mouseVisible = True
28.1528 	EXP 	Created blackscreen_txt = TextStim(__class__=<class 'psychopy.visual.text.TextStim'>, alignHoriz=method-wrapper(...), alignText='center', alignVert=method-wrapper(...), anchorHoriz='center', anchorVert='center', antialias=True, autoDraw=False, autoLog=True, bold=False, color=array([1., 1., 1.]), colorSpace='rgb', contrast=1.0, depth=-1.0, flipHoriz=False, flipVert=False, font='Open Sans', fontFiles=[], height=0.05, italic=False, languageStyle='LTR', name='blackscreen_txt', opacity=1.0, ori=0.0, pos=array([0., 0.]), rgb=UNKNOWN, text='', units='height', win=Window(...), wrapWidth=1)
28.1664 	EXP 	Created gesino_txt = TextStim(__class__=<class 'psychopy.visual.text.TextStim'>, alignHoriz=method-wrapper(...), alignText='center', alignVert=method-wrapper(...), anchorHoriz='center', anchorVert='center', antialias=True, autoDraw=False, autoLog=True, bold=False, color=array([1., 1., 1.]), colorSpace='rgb', contrast=1.0, depth=-1.0, flipHoriz=False, flipVert=False, font='Open Sans', fontFiles=[], height=0.05, italic=False, languageStyle='LTR', name='gesino_txt', opacity=1.0, ori=0.0, pos=array([0., 0.]), rgb=UNKNOWN, text=str(...), units='height', win=Window(...), wrapWidth=1)
28.1708 	EXP 	Created genuine_txt = TextStim(__class__=<class 'psychopy.visual.text.TextStim'>, alignHoriz=method-wrapper(...), alignText='center', alignVert=method-wrapper(...), anchorHoriz='center', anchorVert='center', antialias=True, autoDraw=False, autoLog=True, bold=False, color=array([1., 1., 1.]), colorSpace='rgb', contrast=1.0, depth=0.0, flipHoriz=False, flipVert=False, font='Open Sans', fontFiles=[], height=0.05, italic=False, languageStyle='LTR', name='genuine_txt', opacity=1.0, ori=0.0, pos=array([0. , 0.2]), rgb=UNKNOWN, text="L'emozione mostrata era genuina?", units='height', win=Window(...), wrapWidth=1)
28.1957 	EXP 	window1: mouseVisible = True
28.3508 	EXP 	Created genuine_slider = Slider(__class__=<class 'psychopy.visual.slider.Slider'>, autoDraw=False, autoLog=True, borderColor=None, color=None, colorSpace='rgb', depth=-1, fillColor=None, flip=False, font='Open Sans', granularity=1.0, labelColor=None, labelHeight=0.05, labelWrapWidth=None, labels=list(...), lineColor=None, markerColor=None, name='genuine_slider', opacity=None, ori=0.0, pos=array([0., 0.]), readOnly=False, self=UNKNOWN, size=array([0.95, 0.05]), startValue=0, style='rating', styleTweaks=['labels45'], ticks=ndarray(...), units='height', win=Window(...))
28.3708 	EXP 	Created genuine_img = ImageStim(__class__=<class 'psychopy.visual.image.ImageStim'>, anchor=('center', 'center'), autoLog=True, color=array([1., 1., 1.]), colorSpace='rgb', contrast=1.0, depth=-2.0, flipHoriz=False, flipVert=False, image='interface/button_avanti.png', interpolate=True, mask=None, maskParams=None, name='genuine_img', opacity=1.0, ori=0.0, pos=array([ 400., -250.]), size=array([251.5, 118. ]), texRes=128.0, units='pix', win=Window(...))
28.3709 	EXP 	window1: mouseVisible = True
28.3826 	EXP 	Created genuine_txt2 = TextStim(__class__=<class 'psychopy.visual.text.TextStim'>, alignHoriz=method-wrapper(...), alignText='center', alignVert=method-wrapper(...), anchorHoriz='center', anchorVert='center', antialias=True, autoDraw=False, autoLog=True, bold=False, color=array([1., 1., 1.]), colorSpace='rgb', contrast=1.0, depth=-4.0, flipHoriz=False, flipVert=False, font='Open Sans', fontFiles=[], height=0.03, italic=False, languageStyle='LTR', name='genuine_txt2', opacity=1.0, ori=0.0, pos=array([ 0. , -0.4]), rgb=UNKNOWN, text=str(...), units='height', win=Window(...), wrapWidth=1)
28.3864 	EXP 	Created emotion_txt = TextStim(__class__=<class 'psychopy.visual.text.TextStim'>, alignHoriz=method-wrapper(...), alignText='center', alignVert=method-wrapper(...), anchorHoriz='center', anchorVert='center', antialias=True, autoDraw=False, autoLog=True, bold=False, color=array([1., 1., 1.]), colorSpace='rgb', contrast=1.0, depth=-1.0, flipHoriz=False, flipVert=False, font='Open Sans', fontFiles=[], height=0.05, italic=False, languageStyle='LTR', name='emotion_txt', opacity=1.0, ori=0.0, pos=array([0. , 0.2]), rgb=UNKNOWN, text="L'emozione mostrata era:", units='height', win=Window(...), wrapWidth=1)
28.4096 	EXP 	Created fear = ImageStim(__class__=<class 'psychopy.visual.image.ImageStim'>, anchor=('center', 'center'), autoLog=True, color=array([1., 1., 1.]), colorSpace='rgb', contrast=1.0, depth=-2.0, flipHoriz=False, flipVert=False, image='interface/button_fear.png', interpolate=True, mask=None, maskParams=None, name='fear', opacity=1.0, ori=0.0, pos=array([0., 0.]), size=array([251.5, 118. ]), texRes=128.0, units='pix', win=Window(...))
28.4358 	EXP 	Created anger = ImageStim(__class__=<class 'psychopy.visual.image.ImageStim'>, anchor=('center', 'center'), autoLog=True, color=array([1., 1., 1.]), colorSpace='rgb', contrast=1.0, depth=-3.0, flipHoriz=False, flipVert=False, image='interface/button_anger.png', interpolate=True, mask=None, maskParams=None, name='anger', opacity=1.0, ori=0.0, pos=array([0., 0.]), size=array([251.5, 118. ]), texRes=128.0, units='pix', win=Window(...))
28.4620 	EXP 	Created happiness = ImageStim(__class__=<class 'psychopy.visual.image.ImageStim'>, anchor=('center', 'center'), autoLog=True, color=array([1., 1., 1.]), colorSpace='rgb', contrast=1.0, depth=-4.0, flipHoriz=False, flipVert=False, image='interface/button_gioia.png', interpolate=True, mask=None, maskParams=None, name='happiness', opacity=1.0, ori=0.0, pos=array([0., 0.]), size=array([251.5, 118. ]), texRes=128.0, units='pix', win=Window(...))
28.4622 	EXP 	window1: mouseVisible = True
28.4665 	EXP 	Created intensity_txt = TextStim(__class__=<class 'psychopy.visual.text.TextStim'>, alignHoriz=method-wrapper(...), alignText='center', alignVert=method-wrapper(...), anchorHoriz='center', anchorVert='center', antialias=True, autoDraw=False, autoLog=True, bold=False, color=array([1., 1., 1.]), colorSpace='rgb', contrast=1.0, depth=0.0, flipHoriz=False, flipVert=False, font='Open Sans', fontFiles=[], height=0.05, italic=False, languageStyle='LTR', name='intensity_txt', opacity=1.0, ori=0.0, pos=array([0. , 0.2]), rgb=UNKNOWN, text="L'emozione mostrata era intensa?", units='height', win=Window(...), wrapWidth=1)
28.4737 	EXP 	window1: mouseVisible = True
28.5697 	EXP 	Created intensity_slider = Slider(__class__=<class 'psychopy.visual.slider.Slider'>, autoDraw=False, autoLog=True, borderColor=None, color=None, colorSpace='rgb', depth=-1, fillColor=None, flip=False, font='Open Sans', granularity=1.0, labelColor=None, labelHeight=0.05, labelWrapWidth=None, labels=list(...), lineColor=None, markerColor=None, name='intensity_slider', opacity=None, ori=0.0, pos=array([0., 0.]), readOnly=False, self=UNKNOWN, size=array([0.75, 0.05]), startValue=0, style='rating', styleTweaks=['labels45'], ticks=array([0, 1, 2, 3, 4, 5, 6, 7, 8, 9]), units='height', win=Window(...))
28.5886 	EXP 	Created intensity_img = ImageStim(__class__=<class 'psychopy.visual.image.ImageStim'>, anchor=('center', 'center'), autoLog=True, color=array([1., 1., 1.]), colorSpace='rgb', contrast=1.0, depth=-2.0, flipHoriz=False, flipVert=False, image='interface/button_avanti.png', interpolate=True, mask=None, maskParams=None, name='intensity_img', opacity=1.0, ori=0.0, pos=array([ 400., -250.]), size=array([251.5, 118. ]), texRes=128.0, units='pix', win=Window(...))
28.5887 	EXP 	window1: mouseVisible = True
28.5943 	EXP 	Created intensity_txt2 = TextStim(__class__=<class 'psychopy.visual.text.TextStim'>, alignHoriz=method-wrapper(...), alignText='center', alignVert=method-wrapper(...), anchorHoriz='center', anchorVert='center', antialias=True, autoDraw=False, autoLog=True, bold=False, color=array([1., 1., 1.]), colorSpace='rgb', contrast=1.0, depth=-4.0, flipHoriz=False, flipVert=False, font='Open Sans', fontFiles=[], height=0.03, italic=False, languageStyle='LTR', name='intensity_txt2', opacity=1.0, ori=0.0, pos=array([ 0. , -0.4]), rgb=UNKNOWN, text='0 = Per niente intensa, 9 = Molto intensa', units='height', win=Window(...), wrapWidth=1)
28.5986 	EXP 	Created end_txt = TextStim(__class__=<class 'psychopy.visual.text.TextStim'>, alignHoriz=method-wrapper(...), alignText='center', alignVert=method-wrapper(...), anchorHoriz='center', anchorVert='center', antialias=True, autoDraw=False, autoLog=True, bold=False, color=array([1., 1., 1.]), colorSpace='rgb', contrast=1.0, depth=0.0, flipHoriz=False, flipVert=False, font='Open Sans', fontFiles=[], height=0.05, italic=False, languageStyle='LTR', name='end_txt', opacity=1.0, ori=0.0, pos=array([0., 0.]), rgb=UNKNOWN, text="L'esperimento è finito.\n\nGrazie", units='height', win=Window(...), wrapWidth=1)
28.6284 	WARNING 	t of last frame was 4426.55ms (=1/0)
28.6284 	EXP 	genuine_slider: autoLog = True
28.6284 	EXP 	genuine_slider: markerPos = 0
28.6284 	EXP 	genuine_slider: styleTweaks = []
28.6284 	EXP 	genuine_slider: styleTweaks = []
28.6284 	EXP 	genuine_slider: styleTweaks = ['labels45']
28.6284 	EXP 	genuine_slider: styleTweaks = ['labels45']
28.6284 	EXP 	genuine_slider: contrast = 1.0
28.6284 	EXP 	genuine_slider: autoLog = True
28.6284 	EXP 	intensity_slider: autoLog = True
28.6284 	EXP 	intensity_slider: markerPos = 0
28.6284 	EXP 	intensity_slider: styleTweaks = []
28.6284 	EXP 	intensity_slider: styleTweaks = []
28.6284 	EXP 	intensity_slider: styleTweaks = ['labels45']
28.6284 	EXP 	intensity_slider: styleTweaks = ['labels45']
28.6284 	EXP 	intensity_slider: contrast = 1.0
28.6284 	EXP 	intensity_slider: autoLog = True
28.6284 	EXP 	welcome_txt: autoDraw = True
28.6284 	EXP 	welcome_img: autoDraw = True
28.7618 	WARNING 	t of last frame was 23.99ms (=1/41)
28.8117 	WARNING 	t of last frame was 24.22ms (=1/41)
28.9285 	WARNING 	t of last frame was 23.59ms (=1/42)
29.0449 	WARNING 	Multiple dropped frames have occurred - I'll stop bothering you about them!
30.5800 	DATA 	Mouse: Left button down, pos=(1051,404)
30.6197 	EXP 	Imported PEDFE/edited/PEDFE.xlsx as conditions, 48 conditions, 8 params
30.6212 	EXP 	Created sequence: random, trialTypes=48, nReps=1, seed=None
30.6216 	EXP 	New trial (rep=0, index=0): {'file': '16_rs_3.mp4', 'id': 16, 'emotion': 'anger', 'elicitation': 'paused', 'clip': 3, 'h': 854, 'w': 480, 'genuine': 'n'}
30.6226 	EXP 	window1: mouseVisible = False
30.6421 	EXP 	welcome_txt: autoDraw = False
30.6421 	EXP 	welcome_img: autoDraw = False
30.6421 	EXP 	blackscreen_txt: autoDraw = True
30.6451 	DATA 	Mouse:  Left button up, pos=(1051,404)
32.5860 	EXP 	window1: mouseVisible = False
33.9428 	EXP 	window1: Attempting to measure frame rate of screen (0) ...
33.9429 	EXP 	window1: recordFrameIntervals = False
33.9660 	EXP 	blackscreen_txt: autoDraw = False
34.0444 	EXP 	window1: recordFrameIntervals = True
34.0512 	EXP 	Screen (0) actual frame rate measured at 120.17Hz
34.0512 	EXP 	window1: recordFrameIntervals = True
34.0520 	EXP 	Created trial_mp4 = MovieStim3(__class__=<class 'psychopy.visual.movie3.MovieStim3'>, anchor=('center', 'center'), autoLog=True, color=UNKNOWN, colorSpace=UNKNOWN, depth=-1.0, filename='PEDFE/edited/16_rs_3.mp4', flipHoriz=False, flipVert=False, fps=UNKNOWN, interpolate=True, loop=False, name='trial_mp4', noAudio=True, opacity=1, ori=method-wrapper(...), pos=array([0., 0.]), size=None, units='pix', vframe_callback=UNKNOWN, volume=UNKNOWN, win=Window(...))
34.2024 	WARNING 	0.1503424880000921: Video catchup needed, advancing self._nextFrameT from 0.0 to 0.03273322422258593
34.2024 	WARNING 	0.15041752000001907: Video catchup needed, advancing self._nextFrameT from 0.03273322422258593 to 0.06546644844517185
34.2025 	WARNING 	0.15044531400008054: Video catchup needed, advancing self._nextFrameT from 0.06546644844517185 to 0.09819967266775778
34.2493 	EXP 	trial_mp4: autoLog = True
34.2493 	EXP 	trial_mp4: movie = 'PEDFE/edited/16_rs_3.mp4'
34.2493 	EXP 	trial_mp4: ori = 0.0
34.2493 	EXP 	trial_mp4: autoDraw = True
36.7308 	EXP 	Set trial_mp4 finished
36.7319 	EXP 	window1: mouseVisible = True
36.7410 	EXP 	trial_mp4: autoDraw = False
36.7410 	EXP 	gesino_txt: autoDraw = True
38.8160 	DATA 	Keypress: v
38.9251 	EXP 	gesino_txt: autoDraw = False
38.9251 	EXP 	genuine_slider: markerPos = 0
38.9251 	EXP 	genuine_slider: markerPos = None
38.9251 	EXP 	genuine_txt: autoDraw = True
38.9251 	EXP 	genuine_slider: autoDraw = True
38.9251 	EXP 	genuine_txt2: autoDraw = True
40.3076 	DATA 	Mouse: Left button down, pos=(858,527)
40.3753 	EXP 	genuine_slider: markerPos = 0.5052631387585089
40.4060 	DATA 	Mouse:  Left button up, pos=(858,527)
40.4246 	EXP 	genuine_slider: markerPos = 0.5052631387585089
40.4739 	EXP 	genuine_slider: markerPos = 1.0
40.5205 	EXP 	genuine_img: autoDraw = True
42.7504 	DATA 	Mouse: Left button down, pos=(1071,374)
42.7911 	EXP 	genuine_txt: autoDraw = False
42.7911 	EXP 	genuine_slider: autoDraw = False
42.7911 	EXP 	genuine_img: autoDraw = False
42.7911 	EXP 	genuine_txt2: autoDraw = False
42.7911 	EXP 	emotion_txt: autoDraw = True
42.7911 	EXP 	fear: autoDraw = True
42.7911 	EXP 	anger: autoDraw = True
42.7911 	EXP 	happiness: autoDraw = True
42.8228 	DATA 	Mouse:  Left button up, pos=(1071,374)
43.9886 	DATA 	Mouse: Left button down, pos=(873,517)
44.0837 	DATA 	Mouse:  Left button up, pos=(873,517)
44.1072 	EXP 	emotion_txt: autoDraw = False
44.1072 	EXP 	fear: autoDraw = False
44.1072 	EXP 	anger: autoDraw = False
44.1072 	EXP 	happiness: autoDraw = False
44.1072 	EXP 	intensity_slider: markerPos = 0
44.1072 	EXP 	intensity_slider: markerPos = None
44.1072 	EXP 	intensity_txt: autoDraw = True
44.1072 	EXP 	intensity_slider: autoDraw = True
44.1072 	EXP 	intensity_txt2: autoDraw = True
44.1072 	EXP 	intensity_slider: markerPos = 5.2542857229709625
44.1499 	EXP 	intensity_slider: markerPos = 5.0
44.1894 	EXP 	intensity_img: autoDraw = True
45.6280 	DATA 	Mouse: Left button down, pos=(1161,312)
45.6875 	DATA 	Mouse:  Left button up, pos=(1161,312)
46.5322 	DATA 	Mouse: Left button down, pos=(798,529)
46.5743 	EXP 	intensity_slider: markerPos = 3.540000021457672
46.6169 	EXP 	intensity_slider: markerPos = 3.540000021457672
46.6179 	DATA 	Mouse:  Left button up, pos=(798,529)
46.6602 	EXP 	intensity_slider: markerPos = 4.0
47.4924 	DATA 	Mouse: Left button down, pos=(1172,297)
47.5706 	DATA 	Mouse:  Left button up, pos=(1172,297)
48.1313 	DATA 	Mouse: Left button down, pos=(1141,316)
48.2475 	DATA 	Mouse:  Left button up, pos=(1141,316)
48.6393 	DATA 	Mouse: Left button down, pos=(1047,390)
48.6454 	EXP 	New trial (rep=0, index=1): {'file': '23_rg_4.mp4', 'id': 23, 'emotion': 'anger', 'elicitation': 'genuine', 'clip': 4, 'h': 854, 'w': 480, 'genuine': 'v'}
48.6472 	EXP 	window1: mouseVisible = False
48.6656 	EXP 	intensity_txt: autoDraw = False
48.6656 	EXP 	intensity_slider: autoDraw = False
48.6656 	EXP 	intensity_img: autoDraw = False
48.6656 	EXP 	intensity_txt2: autoDraw = False
48.6656 	EXP 	blackscreen_txt: autoDraw = True
48.7222 	DATA 	Mouse:  Left button up, pos=(1047,390)
50.6525 	EXP 	window1: mouseVisible = False
50.6526 	EXP 	window1: Attempting to measure frame rate of screen (0) ...
50.6527 	EXP 	window1: recordFrameIntervals = False
50.6608 	EXP 	blackscreen_txt: autoDraw = False
50.7345 	EXP 	window1: recordFrameIntervals = True
50.7444 	EXP 	Screen (0) actual frame rate measured at 120.21Hz
50.7445 	EXP 	window1: recordFrameIntervals = True
50.7453 	EXP 	Created trial_mp4 = MovieStim3(__class__=<class 'psychopy.visual.movie3.MovieStim3'>, anchor=('center', 'center'), autoLog=True, color=UNKNOWN, colorSpace=UNKNOWN, depth=-1.0, filename='PEDFE/edited/23_rg_4.mp4', flipHoriz=False, flipVert=False, fps=UNKNOWN, interpolate=True, loop=False, name='trial_mp4', noAudio=True, opacity=1, ori=method-wrapper(...), pos=array([0., 0.]), size=None, units='pix', vframe_callback=UNKNOWN, volume=UNKNOWN, win=Window(...))
50.8867 	WARNING 	0.14133338399994955: Video catchup needed, advancing self._nextFrameT from 0.0 to 0.03273322422258593
50.8868 	WARNING 	0.14141213599998537: Video catchup needed, advancing self._nextFrameT from 0.03273322422258593 to 0.06546644844517185
50.8868 	WARNING 	0.14143365399991126: Video catchup needed, advancing self._nextFrameT from 0.06546644844517185 to 0.09819967266775778
50.9211 	EXP 	trial_mp4: autoLog = True
50.9211 	EXP 	trial_mp4: movie = 'PEDFE/edited/23_rg_4.mp4'
50.9211 	EXP 	trial_mp4: ori = 0.0
50.9211 	EXP 	trial_mp4: autoDraw = True
53.5239 	EXP 	window1: mouseVisible = True
