1.9491 	WARNING 	We strongly recommend you activate the PTB sound engine in PsychoPy prefs as the preferred audio engine. Its timing is vastly superior. Your prefs are currently set to use ['sounddevice', 'PTB', 'pyo', 'pygame'] (in that order).
23.6726 	WARNING 	Couldn't measure a consistent frame rate!
  - Is your graphics card set to sync to vertical blank?
  - Are you running other processes on your computer?

23.6729 	EXP 	Created window1 = Window(allowGUI=False, allowStencil=False, autoLog=True, backendConf=UNKNOWN, bitsMode=UNKNOWN, blendMode='avg', bpc=(8, 8, 8), color=array([-1, -1, -1]), colorSpace='rgb', depthBits=8, fullscr=<method-wrapper '__getattribute__' of attributeSetter object at 0x7fb410f2d6d0>, gamma=None, gammaErrorPolicy='raise', lms=UNKNOWN, monitor=<psychopy.monitors.calibTools.Monitor object at 0x7fb45fccdd60>, multiSample=False, name='window1', numSamples=2, pos=[420.0, 262.5], screen=0, size=array([3360, 2100]), stencilBits=0, stereo=False, units='height', useFBO=True, useRetina=True, viewOri=0.0, viewPos=None, viewScale=None, waitBlanking=True, winType='pyglet')
23.6731 	EXP 	window1: mouseVisible = True
23.6731 	EXP 	window1: Attempting to measure frame rate of screen (0) ...
23.6731 	EXP 	window1: recordFrameIntervals = False
23.7563 	EXP 	window1: recordFrameIntervals = True
24.5899 	WARNING 	Couldn't measure a consistent frame rate!
  - Is your graphics card set to sync to vertical blank?
  - Are you running other processes on your computer?

27.7560 	EXP 	Created welcome_txt = TextStim(__class__=<class 'psychopy.visual.text.TextStim'>, alignHoriz=method-wrapper(...), alignText='center', alignVert=method-wrapper(...), anchorHoriz='center', anchorVert='center', antialias=True, autoDraw=False, autoLog=True, bold=False, color=array([1., 1., 1.]), colorSpace='rgb', contrast=1.0, depth=-1.0, flipHoriz=False, flipVert=False, font='Open Sans', fontFiles=[], height=0.05, italic=False, languageStyle='LTR', name='welcome_txt', opacity=1.0, ori=0.0, pos=array([0., 0.]), rgb=UNKNOWN, text='Premere il pulsante blu per iniziare', units='height', win=Window(...), wrapWidth=1)
27.8026 	EXP 	Created welcome_img = ImageStim(__class__=<class 'psychopy.visual.image.ImageStim'>, anchor=('center', 'center'), autoLog=True, color=array([1., 1., 1.]), colorSpace='rgb', contrast=1.0, depth=-2.0, flipHoriz=False, flipVert=False, image='interface/button_avanti.png', interpolate=True, mask=None, maskParams=None, name='welcome_img', opacity=1.0, ori=0.0, pos=array([ 400., -250.]), size=array([251.5, 118. ]), texRes=128.0, units='pix', win=Window(...))
27.8029 	EXP 	window1: mouseVisible = True
27.8050 	EXP 	Created blackscreen_txt = TextStim(__class__=<class 'psychopy.visual.text.TextStim'>, alignHoriz=method-wrapper(...), alignText='center', alignVert=method-wrapper(...), anchorHoriz='center', anchorVert='center', antialias=True, autoDraw=False, autoLog=True, bold=False, color=array([1., 1., 1.]), colorSpace='rgb', contrast=1.0, depth=-1.0, flipHoriz=False, flipVert=False, font='Open Sans', fontFiles=[], height=0.05, italic=False, languageStyle='LTR', name='blackscreen_txt', opacity=1.0, ori=0.0, pos=array([0., 0.]), rgb=UNKNOWN, text='', units='height', win=Window(...), wrapWidth=1)
27.8188 	EXP 	Created gesino_txt = TextStim(__class__=<class 'psychopy.visual.text.TextStim'>, alignHoriz=method-wrapper(...), alignText='center', alignVert=method-wrapper(...), anchorHoriz='center', anchorVert='center', antialias=True, autoDraw=False, autoLog=True, bold=False, color=array([1., 1., 1.]), colorSpace='rgb', contrast=1.0, depth=-1.0, flipHoriz=False, flipVert=False, font='Open Sans', fontFiles=[], height=0.05, italic=False, languageStyle='LTR', name='gesino_txt', opacity=1.0, ori=0.0, pos=array([0., 0.]), rgb=UNKNOWN, text=str(...), units='height', win=Window(...), wrapWidth=1)
27.8235 	EXP 	Created genuine_txt = TextStim(__class__=<class 'psychopy.visual.text.TextStim'>, alignHoriz=method-wrapper(...), alignText='center', alignVert=method-wrapper(...), anchorHoriz='center', anchorVert='center', antialias=True, autoDraw=False, autoLog=True, bold=False, color=array([1., 1., 1.]), colorSpace='rgb', contrast=1.0, depth=0.0, flipHoriz=False, flipVert=False, font='Open Sans', fontFiles=[], height=0.05, italic=False, languageStyle='LTR', name='genuine_txt', opacity=1.0, ori=0.0, pos=array([0. , 0.2]), rgb=UNKNOWN, text="L'emozione mostrata era genuina?", units='height', win=Window(...), wrapWidth=1)
27.8482 	EXP 	window1: mouseVisible = True
28.0021 	EXP 	Created genuine_slider = Slider(__class__=<class 'psychopy.visual.slider.Slider'>, autoDraw=False, autoLog=True, borderColor=None, color=None, colorSpace='rgb', depth=-1, fillColor=None, flip=False, font='Open Sans', granularity=1.0, labelColor=None, labelHeight=0.05, labelWrapWidth=None, labels=list(...), lineColor=None, markerColor=None, name='genuine_slider', opacity=None, ori=0.0, pos=array([0., 0.]), readOnly=False, self=UNKNOWN, size=array([0.95, 0.05]), startValue=0, style='rating', styleTweaks=['labels45'], ticks=ndarray(...), units='height', win=Window(...))
28.0191 	EXP 	Created genuine_img = ImageStim(__class__=<class 'psychopy.visual.image.ImageStim'>, anchor=('center', 'center'), autoLog=True, color=array([1., 1., 1.]), colorSpace='rgb', contrast=1.0, depth=-2.0, flipHoriz=False, flipVert=False, image='interface/button_avanti.png', interpolate=True, mask=None, maskParams=None, name='genuine_img', opacity=1.0, ori=0.0, pos=array([ 400., -250.]), size=array([251.5, 118. ]), texRes=128.0, units='pix', win=Window(...))
28.0192 	EXP 	window1: mouseVisible = True
28.0298 	EXP 	Created genuine_txt2 = TextStim(__class__=<class 'psychopy.visual.text.TextStim'>, alignHoriz=method-wrapper(...), alignText='center', alignVert=method-wrapper(...), anchorHoriz='center', anchorVert='center', antialias=True, autoDraw=False, autoLog=True, bold=False, color=array([1., 1., 1.]), colorSpace='rgb', contrast=1.0, depth=-4.0, flipHoriz=False, flipVert=False, font='Open Sans', fontFiles=[], height=0.03, italic=False, languageStyle='LTR', name='genuine_txt2', opacity=1.0, ori=0.0, pos=array([ 0. , -0.4]), rgb=UNKNOWN, text=str(...), units='height', win=Window(...), wrapWidth=1)
28.0333 	EXP 	Created emotion_txt = TextStim(__class__=<class 'psychopy.visual.text.TextStim'>, alignHoriz=method-wrapper(...), alignText='center', alignVert=method-wrapper(...), anchorHoriz='center', anchorVert='center', antialias=True, autoDraw=False, autoLog=True, bold=False, color=array([1., 1., 1.]), colorSpace='rgb', contrast=1.0, depth=-1.0, flipHoriz=False, flipVert=False, font='Open Sans', fontFiles=[], height=0.05, italic=False, languageStyle='LTR', name='emotion_txt', opacity=1.0, ori=0.0, pos=array([0. , 0.2]), rgb=UNKNOWN, text="L'emozione mostrata era:", units='height', win=Window(...), wrapWidth=1)
28.0549 	EXP 	Created fear = ImageStim(__class__=<class 'psychopy.visual.image.ImageStim'>, anchor=('center', 'center'), autoLog=True, color=array([1., 1., 1.]), colorSpace='rgb', contrast=1.0, depth=-2.0, flipHoriz=False, flipVert=False, image='interface/button_fear.png', interpolate=True, mask=None, maskParams=None, name='fear', opacity=1.0, ori=0.0, pos=array([0., 0.]), size=array([251.5, 118. ]), texRes=128.0, units='pix', win=Window(...))
28.0747 	EXP 	Created anger = ImageStim(__class__=<class 'psychopy.visual.image.ImageStim'>, anchor=('center', 'center'), autoLog=True, color=array([1., 1., 1.]), colorSpace='rgb', contrast=1.0, depth=-3.0, flipHoriz=False, flipVert=False, image='interface/button_anger.png', interpolate=True, mask=None, maskParams=None, name='anger', opacity=1.0, ori=0.0, pos=array([0., 0.]), size=array([251.5, 118. ]), texRes=128.0, units='pix', win=Window(...))
28.0989 	EXP 	Created happiness = ImageStim(__class__=<class 'psychopy.visual.image.ImageStim'>, anchor=('center', 'center'), autoLog=True, color=array([1., 1., 1.]), colorSpace='rgb', contrast=1.0, depth=-4.0, flipHoriz=False, flipVert=False, image='interface/button_gioia.png', interpolate=True, mask=None, maskParams=None, name='happiness', opacity=1.0, ori=0.0, pos=array([0., 0.]), size=array([251.5, 118. ]), texRes=128.0, units='pix', win=Window(...))
28.0990 	EXP 	window1: mouseVisible = True
28.1024 	EXP 	Created intensity_txt = TextStim(__class__=<class 'psychopy.visual.text.TextStim'>, alignHoriz=method-wrapper(...), alignText='center', alignVert=method-wrapper(...), anchorHoriz='center', anchorVert='center', antialias=True, autoDraw=False, autoLog=True, bold=False, color=array([1., 1., 1.]), colorSpace='rgb', contrast=1.0, depth=0.0, flipHoriz=False, flipVert=False, font='Open Sans', fontFiles=[], height=0.05, italic=False, languageStyle='LTR', name='intensity_txt', opacity=1.0, ori=0.0, pos=array([0. , 0.2]), rgb=UNKNOWN, text="L'emozione mostrata era intensa?", units='height', win=Window(...), wrapWidth=1)
28.1080 	EXP 	window1: mouseVisible = True
28.1980 	EXP 	Created intensity_slider = Slider(__class__=<class 'psychopy.visual.slider.Slider'>, autoDraw=False, autoLog=True, borderColor=None, color=None, colorSpace='rgb', depth=-1, fillColor=None, flip=False, font='Open Sans', granularity=1.0, labelColor=None, labelHeight=0.05, labelWrapWidth=None, labels=list(...), lineColor=None, markerColor=None, name='intensity_slider', opacity=None, ori=0.0, pos=array([0., 0.]), readOnly=False, self=UNKNOWN, size=array([0.75, 0.05]), startValue=0, style='rating', styleTweaks=['labels45'], ticks=array([0, 1, 2, 3, 4, 5, 6, 7, 8, 9]), units='height', win=Window(...))
28.2151 	EXP 	Created intensity_img = ImageStim(__class__=<class 'psychopy.visual.image.ImageStim'>, anchor=('center', 'center'), autoLog=True, color=array([1., 1., 1.]), colorSpace='rgb', contrast=1.0, depth=-2.0, flipHoriz=False, flipVert=False, image='interface/button_avanti.png', interpolate=True, mask=None, maskParams=None, name='intensity_img', opacity=1.0, ori=0.0, pos=array([ 400., -250.]), size=array([251.5, 118. ]), texRes=128.0, units='pix', win=Window(...))
28.2152 	EXP 	window1: mouseVisible = True
28.2213 	EXP 	Created intensity_txt2 = TextStim(__class__=<class 'psychopy.visual.text.TextStim'>, alignHoriz=method-wrapper(...), alignText='center', alignVert=method-wrapper(...), anchorHoriz='center', anchorVert='center', antialias=True, autoDraw=False, autoLog=True, bold=False, color=array([1., 1., 1.]), colorSpace='rgb', contrast=1.0, depth=-4.0, flipHoriz=False, flipVert=False, font='Open Sans', fontFiles=[], height=0.03, italic=False, languageStyle='LTR', name='intensity_txt2', opacity=1.0, ori=0.0, pos=array([ 0. , -0.4]), rgb=UNKNOWN, text='0 = Per niente intensa, 9 = Molto intensa', units='height', win=Window(...), wrapWidth=1)
28.2256 	EXP 	Created end_txt = TextStim(__class__=<class 'psychopy.visual.text.TextStim'>, alignHoriz=method-wrapper(...), alignText='center', alignVert=method-wrapper(...), anchorHoriz='center', anchorVert='center', antialias=True, autoDraw=False, autoLog=True, bold=False, color=array([1., 1., 1.]), colorSpace='rgb', contrast=1.0, depth=0.0, flipHoriz=False, flipVert=False, font='Open Sans', fontFiles=[], height=0.05, italic=False, languageStyle='LTR', name='end_txt', opacity=1.0, ori=0.0, pos=array([0., 0.]), rgb=UNKNOWN, text="L'esperimento è finito.\n\nGrazie", units='height', win=Window(...), wrapWidth=1)
28.2623 	WARNING 	t of last frame was 3672.71ms (=1/0)
28.2623 	EXP 	genuine_slider: autoLog = True
28.2623 	EXP 	genuine_slider: markerPos = 0
28.2623 	EXP 	genuine_slider: styleTweaks = []
28.2623 	EXP 	genuine_slider: styleTweaks = []
28.2623 	EXP 	genuine_slider: styleTweaks = ['labels45']
28.2623 	EXP 	genuine_slider: styleTweaks = ['labels45']
28.2623 	EXP 	genuine_slider: contrast = 1.0
28.2623 	EXP 	genuine_slider: autoLog = True
28.2623 	EXP 	intensity_slider: autoLog = True
28.2623 	EXP 	intensity_slider: markerPos = 0
28.2623 	EXP 	intensity_slider: styleTweaks = []
28.2623 	EXP 	intensity_slider: styleTweaks = []
28.2623 	EXP 	intensity_slider: styleTweaks = ['labels45']
28.2623 	EXP 	intensity_slider: styleTweaks = ['labels45']
28.2623 	EXP 	intensity_slider: contrast = 1.0
28.2623 	EXP 	intensity_slider: autoLog = True
28.2623 	EXP 	welcome_txt: autoDraw = True
28.2623 	EXP 	welcome_img: autoDraw = True
28.4410 	WARNING 	t of last frame was 31.84ms (=1/31)
28.4630 	WARNING 	t of last frame was 22.04ms (=1/45)
28.5411 	WARNING 	t of last frame was 32.44ms (=1/30)
28.5629 	WARNING 	Multiple dropped frames have occurred - I'll stop bothering you about them!
83.3669 	DATA 	Mouse: Left button down, pos=(1021,419)
83.3963 	EXP 	Imported PEDFE/edited/PEDFE.xlsx as conditions, 48 conditions, 8 params
83.3975 	EXP 	Created sequence: random, trialTypes=48, nReps=1, seed=None
83.3979 	EXP 	New trial (rep=0, index=0): {'file': '23_rs_3.mp4', 'id': 23, 'emotion': 'anger', 'elicitation': 'paused', 'clip': 3, 'h': 854, 'w': 480, 'genuine': 'n'}
83.3989 	EXP 	window1: mouseVisible = False
83.4064 	EXP 	welcome_txt: autoDraw = False
83.4064 	EXP 	welcome_img: autoDraw = False
83.4064 	EXP 	blackscreen_txt: autoDraw = True
83.4330 	DATA 	Mouse:  Left button up, pos=(1021,419)
85.3813 	EXP 	window1: mouseVisible = False
86.4580 	EXP 	window1: Attempting to measure frame rate of screen (0) ...
86.4580 	EXP 	window1: recordFrameIntervals = False
86.4800 	EXP 	blackscreen_txt: autoDraw = False
86.5546 	EXP 	window1: recordFrameIntervals = True
86.5650 	EXP 	Screen (0) actual frame rate measured at 119.91Hz
86.5651 	EXP 	window1: recordFrameIntervals = True
86.5664 	EXP 	Created trial_mp4 = MovieStim3(__class__=<class 'psychopy.visual.movie3.MovieStim3'>, anchor=('center', 'center'), autoLog=True, color=UNKNOWN, colorSpace=UNKNOWN, depth=-1.0, filename='PEDFE/edited/23_rs_3.mp4', flipHoriz=False, flipVert=False, fps=UNKNOWN, interpolate=True, loop=False, name='trial_mp4', noAudio=True, opacity=1, ori=method-wrapper(...), pos=array([0., 0.]), size=None, units='pix', vframe_callback=UNKNOWN, volume=UNKNOWN, win=Window(...))
86.7130 	WARNING 	0.14656568700002026: Video catchup needed, advancing self._nextFrameT from 0.0 to 0.03273322422258593
86.7131 	WARNING 	0.14664463000008254: Video catchup needed, advancing self._nextFrameT from 0.03273322422258593 to 0.06546644844517185
86.7131 	WARNING 	0.14668198800018217: Video catchup needed, advancing self._nextFrameT from 0.06546644844517185 to 0.09819967266775778
86.7556 	EXP 	trial_mp4: autoLog = True
86.7556 	EXP 	trial_mp4: movie = 'PEDFE/edited/23_rs_3.mp4'
86.7556 	EXP 	trial_mp4: ori = 0.0
86.7556 	EXP 	trial_mp4: autoDraw = True
89.2435 	EXP 	Set trial_mp4 finished
89.2449 	EXP 	window1: mouseVisible = True
89.2540 	EXP 	trial_mp4: autoDraw = False
89.2540 	EXP 	gesino_txt: autoDraw = True
127.0915 	DATA 	Keypress: v
127.1973 	EXP 	gesino_txt: autoDraw = False
127.1973 	EXP 	genuine_slider: markerPos = 0
127.1973 	EXP 	genuine_slider: markerPos = None
127.1973 	EXP 	genuine_txt: autoDraw = True
127.1973 	EXP 	genuine_slider: autoDraw = True
127.1973 	EXP 	genuine_txt2: autoDraw = True
135.1740 	DATA 	Mouse: Left button down, pos=(872,523)
135.2430 	EXP 	genuine_slider: markerPos = 0.8982456044146883
135.2742 	DATA 	Mouse:  Left button up, pos=(872,523)
135.2927 	EXP 	genuine_slider: markerPos = 0.8982456044146883
135.3415 	EXP 	genuine_slider: markerPos = 1.0
135.3881 	EXP 	genuine_img: autoDraw = True
140.4991 	DATA 	Mouse: Left button down, pos=(1073,376)
140.5263 	EXP 	genuine_txt: autoDraw = False
140.5263 	EXP 	genuine_slider: autoDraw = False
140.5263 	EXP 	genuine_img: autoDraw = False
140.5263 	EXP 	genuine_txt2: autoDraw = False
140.5263 	EXP 	emotion_txt: autoDraw = True
140.5263 	EXP 	fear: autoDraw = True
140.5263 	EXP 	anger: autoDraw = True
140.5263 	EXP 	happiness: autoDraw = True
140.6062 	DATA 	Mouse:  Left button up, pos=(1073,376)
144.5810 	DATA 	Mouse: Left button down, pos=(905,533)
144.6338 	DATA 	Mouse:  Left button up, pos=(905,533)
145.4334 	DATA 	Mouse: Left button down, pos=(831,531)
145.5337 	EXP 	emotion_txt: autoDraw = False
145.5337 	EXP 	fear: autoDraw = False
145.5337 	EXP 	anger: autoDraw = False
145.5337 	EXP 	happiness: autoDraw = False
145.5337 	EXP 	intensity_slider: markerPos = 0
145.5337 	EXP 	intensity_slider: markerPos = None
145.5337 	EXP 	intensity_txt: autoDraw = True
145.5337 	EXP 	intensity_slider: autoDraw = True
145.5337 	EXP 	intensity_txt2: autoDraw = True
145.5337 	EXP 	intensity_slider: markerPos = 4.294285722076893
145.5365 	DATA 	Mouse:  Left button up, pos=(831,531)
145.5760 	EXP 	intensity_slider: markerPos = 4.0
145.6152 	EXP 	intensity_img: autoDraw = True
147.1494 	DATA 	Mouse: Left button down, pos=(954,521)
147.2113 	EXP 	intensity_slider: markerPos = 7.105714201927184
147.2540 	EXP 	intensity_slider: markerPos = 7.105714201927184
147.2784 	DATA 	Mouse:  Left button up, pos=(954,522)
147.2973 	EXP 	intensity_slider: markerPos = 7.105714201927184
147.3398 	EXP 	intensity_slider: markerPos = 7.0
150.5959 	DATA 	Mouse: Left button down, pos=(1059,396)
150.6016 	EXP 	New trial (rep=0, index=1): {'file': '26_fs_3.mp4', 'id': 26, 'emotion': 'happiness', 'elicitation': 'paused', 'clip': 3, 'h': 854, 'w': 480, 'genuine': 'n'}
150.6026 	EXP 	window1: mouseVisible = False
150.6152 	EXP 	intensity_txt: autoDraw = False
150.6152 	EXP 	intensity_slider: autoDraw = False
150.6152 	EXP 	intensity_img: autoDraw = False
150.6152 	EXP 	intensity_txt2: autoDraw = False
150.6152 	EXP 	blackscreen_txt: autoDraw = True
150.6912 	DATA 	Mouse:  Left button up, pos=(1059,396)
152.6044 	EXP 	window1: mouseVisible = False
152.6045 	EXP 	window1: Attempting to measure frame rate of screen (0) ...
152.6046 	EXP 	window1: recordFrameIntervals = False
152.6127 	EXP 	blackscreen_txt: autoDraw = False
152.6863 	EXP 	window1: recordFrameIntervals = True
152.6966 	EXP 	Screen (0) actual frame rate measured at 119.56Hz
152.6966 	EXP 	window1: recordFrameIntervals = True
152.6975 	EXP 	Created trial_mp4 = MovieStim3(__class__=<class 'psychopy.visual.movie3.MovieStim3'>, anchor=('center', 'center'), autoLog=True, color=UNKNOWN, colorSpace=UNKNOWN, depth=-1.0, filename='PEDFE/edited/26_fs_3.mp4', flipHoriz=False, flipVert=False, fps=UNKNOWN, interpolate=True, loop=False, name='trial_mp4', noAudio=True, opacity=1, ori=method-wrapper(...), pos=array([0., 0.]), size=None, units='pix', vframe_callback=UNKNOWN, volume=UNKNOWN, win=Window(...))
152.8343 	WARNING 	0.13678577200016662: Video catchup needed, advancing self._nextFrameT from 0.0 to 0.03273322422258593
152.8344 	WARNING 	0.13686543899984827: Video catchup needed, advancing self._nextFrameT from 0.03273322422258593 to 0.06546644844517185
152.8344 	WARNING 	0.13688718399998834: Video catchup needed, advancing self._nextFrameT from 0.06546644844517185 to 0.09819967266775778
152.8704 	EXP 	trial_mp4: autoLog = True
152.8704 	EXP 	trial_mp4: movie = 'PEDFE/edited/26_fs_3.mp4'
152.8704 	EXP 	trial_mp4: ori = 0.0
152.8704 	EXP 	trial_mp4: autoDraw = True
155.0355 	EXP 	Set trial_mp4 finished
155.0368 	EXP 	window1: mouseVisible = True
155.0462 	EXP 	trial_mp4: autoDraw = False
155.0462 	EXP 	gesino_txt: autoDraw = True
243.3514 	EXP 	window1: mouseVisible = True
